This is pdfTeX, Version 3.141592653-2.6-1.40.22 (TeX Live 2021/Homebrew) (preloaded format=pdflatex 2022.3.3)  17 JUN 2022 07:08
entering extended mode
 restricted \write18 enabled.
 %&-line parsing enabled.
**solutions.tex
(./solutions.tex
LaTeX2e <2020-10-01> patch level 4
L3 programming layer <2021-02-18>
(/usr/local/Cellar/texlive/58837_1/share/texmf-dist/tex/latex/IEEEtran/IEEEtran
.cls
Document Class: IEEEtran 2015/08/26 V1.8b by Michael Shell
-- See the "IEEEtran_HOWTO" manual for usage information.
-- http://www.michaelshell.org/tex/ieeetran/
\@IEEEtrantmpdimenA=\dimen138
\@IEEEtrantmpdimenB=\dimen139
\@IEEEtrantmpdimenC=\dimen140
\@IEEEtrantmpcountA=\count179
\@IEEEtrantmpcountB=\count180
\@IEEEtrantmpcountC=\count181
\@IEEEtrantmptoksA=\toks15
LaTeX Font Info:    Trying to load font information for OT1+ptm on input line 5
03.
(/usr/local/Cellar/texlive/58837_1/share/texmf-dist/tex/latex/psnfss/ot1ptm.fd
File: ot1ptm.fd 2001/06/04 font definitions for OT1/ptm.
)
-- Using 8.5in x 11in (letter) paper.
-- Using PDF output.
\@IEEEnormalsizeunitybaselineskip=\dimen141
-- This is a 12 point document.
\CLASSINFOnormalsizebaselineskip=\dimen142
\CLASSINFOnormalsizeunitybaselineskip=\dimen143
\IEEEnormaljot=\dimen144
LaTeX Font Info:    Font shape `OT1/ptm/bx/n' in size <6> not available
(Font)              Font shape `OT1/ptm/b/n' tried instead on input line 1090.
LaTeX Font Info:    Font shape `OT1/ptm/bx/it' in size <6> not available
(Font)              Font shape `OT1/ptm/b/it' tried instead on input line 1090.

LaTeX Font Info:    Font shape `OT1/ptm/bx/n' in size <8> not available
(Font)              Font shape `OT1/ptm/b/n' tried instead on input line 1090.
LaTeX Font Info:    Font shape `OT1/ptm/bx/it' in size <8> not available
(Font)              Font shape `OT1/ptm/b/it' tried instead on input line 1090.

LaTeX Font Info:    Font shape `OT1/ptm/bx/n' in size <9> not available
(Font)              Font shape `OT1/ptm/b/n' tried instead on input line 1090.
LaTeX Font Info:    Font shape `OT1/ptm/bx/it' in size <9> not available
(Font)              Font shape `OT1/ptm/b/it' tried instead on input line 1090.

LaTeX Font Info:    Font shape `OT1/ptm/bx/n' in size <10> not available
(Font)              Font shape `OT1/ptm/b/n' tried instead on input line 1090.
LaTeX Font Info:    Font shape `OT1/ptm/bx/it' in size <10> not available
(Font)              Font shape `OT1/ptm/b/it' tried instead on input line 1090.

LaTeX Font Info:    Font shape `OT1/ptm/bx/n' in size <12> not available
(Font)              Font shape `OT1/ptm/b/n' tried instead on input line 1090.
LaTeX Font Info:    Font shape `OT1/ptm/bx/it' in size <12> not available
(Font)              Font shape `OT1/ptm/b/it' tried instead on input line 1090.

LaTeX Font Info:    Font shape `OT1/ptm/bx/n' in size <14> not available
(Font)              Font shape `OT1/ptm/b/n' tried instead on input line 1090.
LaTeX Font Info:    Font shape `OT1/ptm/bx/it' in size <14> not available
(Font)              Font shape `OT1/ptm/b/it' tried instead on input line 1090.

LaTeX Font Info:    Font shape `OT1/ptm/bx/n' in size <20> not available
(Font)              Font shape `OT1/ptm/b/n' tried instead on input line 1090.
LaTeX Font Info:    Font shape `OT1/ptm/bx/it' in size <20> not available
(Font)              Font shape `OT1/ptm/b/it' tried instead on input line 1090.

LaTeX Font Info:    Font shape `OT1/ptm/bx/n' in size <22> not available
(Font)              Font shape `OT1/ptm/b/n' tried instead on input line 1090.
LaTeX Font Info:    Font shape `OT1/ptm/bx/it' in size <22> not available
(Font)              Font shape `OT1/ptm/b/it' tried instead on input line 1090.

LaTeX Font Info:    Font shape `OT1/ptm/bx/n' in size <24> not available
(Font)              Font shape `OT1/ptm/b/n' tried instead on input line 1090.
LaTeX Font Info:    Font shape `OT1/ptm/bx/it' in size <24> not available
(Font)              Font shape `OT1/ptm/b/it' tried instead on input line 1090.

\IEEEquantizedlength=\dimen145
\IEEEquantizedlengthdiff=\dimen146
\IEEEquantizedtextheightdiff=\dimen147
\IEEEilabelindentA=\dimen148
\IEEEilabelindentB=\dimen149
\IEEEilabelindent=\dimen150
\IEEEelabelindent=\dimen151
\IEEEdlabelindent=\dimen152
\IEEElabelindent=\dimen153
\IEEEiednormlabelsep=\dimen154
\IEEEiedmathlabelsep=\dimen155
\IEEEiedtopsep=\skip47
\c@section=\count182
\c@subsection=\count183
\c@subsubsection=\count184
\c@paragraph=\count185
\c@IEEEsubequation=\count186
\abovecaptionskip=\skip48
\belowcaptionskip=\skip49
\c@figure=\count187
\c@table=\count188
\@IEEEeqnnumcols=\count189
\@IEEEeqncolcnt=\count190
\@IEEEsubeqnnumrollback=\count191
\@IEEEquantizeheightA=\dimen156
\@IEEEquantizeheightB=\dimen157
\@IEEEquantizeheightC=\dimen158
\@IEEEquantizeprevdepth=\dimen159
\@IEEEquantizemultiple=\count192
\@IEEEquantizeboxA=\box47
\@IEEEtmpitemindent=\dimen160
\IEEEPARstartletwidth=\dimen161
\c@IEEEbiography=\count193
\@IEEEtranrubishbin=\box48
) (/usr/local/Cellar/texlive/58837_1/share/texmf-dist/tex/latex/tools/array.sty
Package: array 2020/10/01 v2.5c Tabular extension package (FMi)
\col@sep=\dimen162
\ar@mcellbox=\box49
\extrarowheight=\dimen163
\NC@list=\toks16
\extratabsurround=\skip50
\backup@length=\skip51
\ar@cellbox=\box50
)
(/usr/local/Cellar/texlive/58837_1/share/texmf-dist/tex/latex/booktabs/booktabs
.sty
Package: booktabs 2020/01/12 v1.61803398 Publication quality tables
\heavyrulewidth=\dimen164
\lightrulewidth=\dimen165
\cmidrulewidth=\dimen166
\belowrulesep=\dimen167
\belowbottomsep=\dimen168
\aboverulesep=\dimen169
\abovetopsep=\dimen170
\cmidrulesep=\dimen171
\cmidrulekern=\dimen172
\defaultaddspace=\dimen173
\@cmidla=\count194
\@cmidlb=\count195
\@aboverulesep=\dimen174
\@belowrulesep=\dimen175
\@thisruleclass=\count196
\@lastruleclass=\count197
\@thisrulewidth=\dimen176
)
(/usr/local/Cellar/texlive/58837_1/share/texmf-dist/tex/latex/setspace/setspace
.sty
Package: setspace 2011/12/19 v6.7a set line spacing
)
(/usr/local/Cellar/texlive/58837_1/share/texmf-dist/tex/latex/was/gensymb.sty
Package: gensymb 2003/07/02 v1.0 (WaS)
)
(/usr/local/Cellar/texlive/58837_1/share/texmf-dist/tex/latex/amsmath/amsmath.s
ty
Package: amsmath 2020/09/23 v2.17i AMS math features
\@mathmargin=\skip52

For additional information on amsmath, use the `?' option.

(/usr/local/Cellar/texlive/58837_1/share/texmf-dist/tex/latex/amsmath/amstext.s
ty
Package: amstext 2000/06/29 v2.01 AMS text

(/usr/local/Cellar/texlive/58837_1/share/texmf-dist/tex/latex/amsmath/amsgen.st
y
File: amsgen.sty 1999/11/30 v2.0 generic functions
\@emptytoks=\toks17
\ex@=\dimen177
))
(/usr/local/Cellar/texlive/58837_1/share/texmf-dist/tex/latex/amsmath/amsbsy.st
y
Package: amsbsy 1999/11/29 v1.2d Bold Symbols
\pmbraise@=\dimen178
)
(/usr/local/Cellar/texlive/58837_1/share/texmf-dist/tex/latex/amsmath/amsopn.st
y
Package: amsopn 2016/03/08 v2.02 operator names
)
\inf@bad=\count198
LaTeX Info: Redefining \frac on input line 234.
\uproot@=\count199
\leftroot@=\count266
LaTeX Info: Redefining \overline on input line 399.
\classnum@=\count267
\DOTSCASE@=\count268
LaTeX Info: Redefining \ldots on input line 496.
LaTeX Info: Redefining \dots on input line 499.
LaTeX Info: Redefining \cdots on input line 620.
\Mathstrutbox@=\box51
\strutbox@=\box52
\big@size=\dimen179
LaTeX Font Info:    Redeclaring font encoding OML on input line 743.
LaTeX Font Info:    Redeclaring font encoding OMS on input line 744.
\macc@depth=\count269
\c@MaxMatrixCols=\count270
\dotsspace@=\muskip16
\c@parentequation=\count271
\dspbrk@lvl=\count272
\tag@help=\toks18
\row@=\count273
\column@=\count274
\maxfields@=\count275
\andhelp@=\toks19
\eqnshift@=\dimen180
\alignsep@=\dimen181
\tagshift@=\dimen182
\tagwidth@=\dimen183
\totwidth@=\dimen184
\lineht@=\dimen185
\@envbody=\toks20
\multlinegap=\skip53
\multlinetaggap=\skip54
\mathdisplay@stack=\toks21
LaTeX Info: Redefining \[ on input line 2923.
LaTeX Info: Redefining \] on input line 2924.
)
(/usr/local/Cellar/texlive/58837_1/share/texmf-dist/tex/latex/amscls/amsthm.sty
Package: amsthm 2020/05/29 v2.20.6
\thm@style=\toks22
\thm@bodyfont=\toks23
\thm@headfont=\toks24
\thm@notefont=\toks25
\thm@headpunct=\toks26
\thm@preskip=\skip55
\thm@postskip=\skip56
\thm@headsep=\skip57
\dth@everypar=\toks27
)
(/usr/local/Cellar/texlive/58837_1/share/texmf-dist/tex/latex/jknapltx/mathrsfs
.sty
Package: mathrsfs 1996/01/01 Math RSFS package v1.0 (jk)
\symrsfs=\mathgroup4
)
(/usr/local/Cellar/texlive/58837_1/share/texmf-dist/tex/latex/txfonts/txfonts.s
ty
Package: txfonts 2008/01/22 v3.2.1
LaTeX Font Info:    Redeclaring symbol font `operators' on input line 21.
LaTeX Font Info:    Overwriting symbol font `operators' in version `normal'
(Font)                  OT1/cmr/m/n --> OT1/txr/m/n on input line 21.
LaTeX Font Info:    Overwriting symbol font `operators' in version `bold'
(Font)                  OT1/cmr/bx/n --> OT1/txr/m/n on input line 21.
LaTeX Font Info:    Overwriting symbol font `operators' in version `bold'
(Font)                  OT1/txr/m/n --> OT1/txr/bx/n on input line 22.
\symitalic=\mathgroup5
LaTeX Font Info:    Overwriting symbol font `italic' in version `bold'
(Font)                  OT1/txr/m/it --> OT1/txr/bx/it on input line 26.
LaTeX Font Info:    Redeclaring math alphabet \mathbf on input line 29.
LaTeX Font Info:    Overwriting math alphabet `\mathbf' in version `normal'
(Font)                  OT1/cmr/bx/n --> OT1/txr/bx/n on input line 29.
LaTeX Font Info:    Overwriting math alphabet `\mathbf' in version `bold'
(Font)                  OT1/cmr/bx/n --> OT1/txr/bx/n on input line 29.
LaTeX Font Info:    Redeclaring math alphabet \mathit on input line 30.
LaTeX Font Info:    Overwriting math alphabet `\mathit' in version `normal'
(Font)                  OT1/cmr/m/it --> OT1/txr/m/it on input line 30.
LaTeX Font Info:    Overwriting math alphabet `\mathit' in version `bold'
(Font)                  OT1/cmr/bx/it --> OT1/txr/m/it on input line 30.
LaTeX Font Info:    Overwriting math alphabet `\mathit' in version `bold'
(Font)                  OT1/txr/m/it --> OT1/txr/bx/it on input line 31.
LaTeX Font Info:    Redeclaring math alphabet \mathsf on input line 40.
LaTeX Font Info:    Overwriting math alphabet `\mathsf' in version `normal'
(Font)                  OT1/cmss/m/n --> OT1/txss/m/n on input line 40.
LaTeX Font Info:    Overwriting math alphabet `\mathsf' in version `bold'
(Font)                  OT1/cmss/bx/n --> OT1/txss/m/n on input line 40.
LaTeX Font Info:    Overwriting math alphabet `\mathsf' in version `bold'
(Font)                  OT1/txss/m/n --> OT1/txss/b/n on input line 41.
LaTeX Font Info:    Redeclaring math alphabet \mathtt on input line 50.
LaTeX Font Info:    Overwriting math alphabet `\mathtt' in version `normal'
(Font)                  OT1/cmtt/m/n --> OT1/txtt/m/n on input line 50.
LaTeX Font Info:    Overwriting math alphabet `\mathtt' in version `bold'
(Font)                  OT1/cmtt/m/n --> OT1/txtt/m/n on input line 50.
LaTeX Font Info:    Overwriting math alphabet `\mathtt' in version `bold'
(Font)                  OT1/txtt/m/n --> OT1/txtt/b/n on input line 51.
LaTeX Font Info:    Redeclaring symbol font `letters' on input line 58.
LaTeX Font Info:    Overwriting symbol font `letters' in version `normal'
(Font)                  OML/cmm/m/it --> OML/txmi/m/it on input line 58.
LaTeX Font Info:    Overwriting symbol font `letters' in version `bold'
(Font)                  OML/cmm/b/it --> OML/txmi/m/it on input line 58.
LaTeX Font Info:    Overwriting symbol font `letters' in version `bold'
(Font)                  OML/txmi/m/it --> OML/txmi/bx/it on input line 59.
\symlettersA=\mathgroup6
LaTeX Font Info:    Overwriting symbol font `lettersA' in version `bold'
(Font)                  U/txmia/m/it --> U/txmia/bx/it on input line 67.
LaTeX Font Info:    Redeclaring symbol font `symbols' on input line 77.
LaTeX Font Info:    Overwriting symbol font `symbols' in version `normal'
(Font)                  OMS/cmsy/m/n --> OMS/txsy/m/n on input line 77.
LaTeX Font Info:    Overwriting symbol font `symbols' in version `bold'
(Font)                  OMS/cmsy/b/n --> OMS/txsy/m/n on input line 77.
LaTeX Font Info:    Overwriting symbol font `symbols' in version `bold'
(Font)                  OMS/txsy/m/n --> OMS/txsy/bx/n on input line 78.
\symAMSa=\mathgroup7
LaTeX Font Info:    Overwriting symbol font `AMSa' in version `bold'
(Font)                  U/txsya/m/n --> U/txsya/bx/n on input line 94.
\symAMSb=\mathgroup8
LaTeX Font Info:    Overwriting symbol font `AMSb' in version `bold'
(Font)                  U/txsyb/m/n --> U/txsyb/bx/n on input line 103.
\symsymbolsC=\mathgroup9
LaTeX Font Info:    Overwriting symbol font `symbolsC' in version `bold'
(Font)                  U/txsyc/m/n --> U/txsyc/bx/n on input line 113.
LaTeX Font Info:    Redeclaring symbol font `largesymbols' on input line 120.
LaTeX Font Info:    Overwriting symbol font `largesymbols' in version `normal'
(Font)                  OMX/cmex/m/n --> OMX/txex/m/n on input line 120.
LaTeX Font Info:    Overwriting symbol font `largesymbols' in version `bold'
(Font)                  OMX/cmex/m/n --> OMX/txex/m/n on input line 120.
LaTeX Font Info:    Overwriting symbol font `largesymbols' in version `bold'
(Font)                  OMX/txex/m/n --> OMX/txex/bx/n on input line 121.
\symlargesymbolsA=\mathgroup10
LaTeX Font Info:    Overwriting symbol font `largesymbolsA' in version `bold'
(Font)                  U/txexa/m/n --> U/txexa/bx/n on input line 129.
LaTeX Font Info:    Redeclaring math symbol \mathsterling on input line 164.
LaTeX Font Info:    Redeclaring math symbol \hbar on input line 591.
LaTeX Info: Redefining \not on input line 1043.
LaTeX Info: Redefining \textsquare on input line 1063.
LaTeX Info: Redefining \openbox on input line 1064.
)
(/usr/local/Cellar/texlive/58837_1/share/texmf-dist/tex/latex/sttools/stfloats.
sty
Package: stfloats 2017/03/27 v3.3 Improve float mechanism and baselineskip sett
ings
\@dblbotnum=\count276
\c@dblbotnumber=\count277
) (/usr/local/Cellar/texlive/58837_1/share/texmf-dist/tex/latex/tools/bm.sty
Package: bm 2019/07/24 v1.2d Bold Symbol Support (DPC/FMi)
\symboldoperators=\mathgroup11
\symboldletters=\mathgroup12
\symboldsymbols=\mathgroup13
\symboldlargesymbols=\mathgroup14
LaTeX Font Info:    Redeclaring math alphabet \mathbf on input line 141.
LaTeX Info: Redefining \bm on input line 209.
) (/usr/local/Cellar/texlive/58837_1/share/texmf-dist/tex/latex/cite/cite.sty
LaTeX Info: Redefining \cite on input line 302.
LaTeX Info: Redefining \nocite on input line 332.
Package: cite 2015/02/27  v 5.5
)
(/usr/local/Cellar/texlive/58837_1/share/texmf-dist/tex/latex/cases/cases.sty
Package: cases 2020/03/29 ver 3.2
\numc@numwid=\dimen186
)
(/usr/local/Cellar/texlive/58837_1/share/texmf-dist/tex/latex/subfig/subfig.sty
Package: subfig 2005/06/28 ver: 1.3 subfig package

(/usr/local/Cellar/texlive/58837_1/share/texmf-dist/tex/latex/graphics/keyval.s
ty
Package: keyval 2014/10/28 v1.15 key=value parser (DPC)
\KV@toks@=\toks28
)
(/usr/local/Cellar/texlive/58837_1/share/texmf-dist/tex/latex/caption/caption.s
ty
Package: caption 2020/10/26 v3.5g Customizing captions (AR)

(/usr/local/Cellar/texlive/58837_1/share/texmf-dist/tex/latex/caption/caption3.
sty
Package: caption3 2020/10/21 v2.2e caption3 kernel (AR)
\captionmargin=\dimen187
\captionmargin@=\dimen188
\captionwidth=\dimen189
\caption@tempdima=\dimen190
\caption@indent=\dimen191
\caption@parindent=\dimen192
\caption@hangindent=\dimen193
Package caption Info: Unknown document class (or package),
(caption)             standard defaults will be used.
Package caption Info: \@makecaption = \long macro:#1#2->\ifx \@captype \@IEEEta
blestring \footnotesize \bgroup \par \centering \@IEEEtabletopskipstrut {\norma
lfont \footnotesize #1}\\{\normalfont \footnotesize \scshape #2}\par \addvspace
 {0.5\baselineskip }\egroup \@IEEEtablecaptionsepspace \else \@IEEEfigurecaptio
nsepspace \setbox \@tempboxa \hbox {\normalfont \footnotesize {#1.}\nobreakspac
e \nobreakspace #2}\ifdim \wd \@tempboxa >\hsize \setbox \@tempboxa \hbox {\nor
malfont \footnotesize {#1.}\nobreakspace \nobreakspace }\parbox [t]{\hsize }{\n
ormalfont \footnotesize \noindent \unhbox \@tempboxa #2}\else \ifCLASSOPTIONcon
ference \hbox to\hsize {\normalfont \footnotesize \hfil \box \@tempboxa \hfil }
\else \hbox to\hsize {\normalfont \footnotesize \box \@tempboxa \hfil }\fi \fi 
\fi  on input line 1139.
)

Package caption Warning: Unknown document class (or package),
(caption)                standard defaults will be used.
See the caption package documentation for explanation.

\c@caption@flags=\count278
\c@continuedfloat=\count279
)
\c@KVtest=\count280
\sf@farskip=\skip58
\sf@captopadj=\dimen194
\sf@capskip=\skip59
\sf@nearskip=\skip60
\c@subfigure=\count281
\c@subfigure@save=\count282
\c@lofdepth=\count283
\c@subtable=\count284
\c@subtable@save=\count285
\c@lotdepth=\count286
\sf@top=\skip61
\sf@bottom=\skip62
)
(/usr/local/Cellar/texlive/58837_1/share/texmf-dist/tex/latex/tools/longtable.s
ty
Package: longtable 2020/01/07 v4.13 Multi-page Table package (DPC)
\LTleft=\skip63
\LTright=\skip64
\LTpre=\skip65
\LTpost=\skip66
\LTchunksize=\count287
\LTcapwidth=\dimen195
\LT@head=\box53
\LT@firsthead=\box54
\LT@foot=\box55
\LT@lastfoot=\box56
\LT@cols=\count288
\LT@rows=\count289
\c@LT@tables=\count290
\c@LT@chunks=\count291
\LT@p@ftn=\toks29
)
(/usr/local/Cellar/texlive/58837_1/share/texmf-dist/tex/latex/multirow/multirow
.sty
Package: multirow 2021/03/15 v2.8 Span multiple rows of a table
\multirow@colwidth=\skip67
\multirow@cntb=\count292
\multirow@dima=\skip68
\bigstrutjot=\dimen196
)
(/usr/local/Cellar/texlive/58837_1/share/texmf-dist/tex/latex/enumitem/enumitem
.sty
Package: enumitem 2019/06/20 v3.9 Customized lists
\labelindent=\skip69
\enit@outerparindent=\dimen197
\enit@toks=\toks30
\enit@inbox=\box57
\enit@count@id=\count293
\enitdp@description=\count294
)
(/usr/local/Cellar/texlive/58837_1/share/texmf-dist/tex/latex/mathtools/mathtoo
ls.sty
Package: mathtools 2021/03/18 v1.25 mathematical typesetting tools

(/usr/local/Cellar/texlive/58837_1/share/texmf-dist/tex/latex/tools/calc.sty
Package: calc 2017/05/25 v4.3 Infix arithmetic (KKT,FJ)
\calc@Acount=\count295
\calc@Bcount=\count296
\calc@Adimen=\dimen198
\calc@Bdimen=\dimen199
\calc@Askip=\skip70
\calc@Bskip=\skip71
LaTeX Info: Redefining \setlength on input line 80.
LaTeX Info: Redefining \addtolength on input line 81.
\calc@Ccount=\count297
\calc@Cskip=\skip72
)
(/usr/local/Cellar/texlive/58837_1/share/texmf-dist/tex/latex/mathtools/mhsetup
.sty
Package: mhsetup 2021/03/18 v1.4 programming setup (MH)
)
LaTeX Info: Thecontrolsequence`\('isalreadyrobust on input line 130.
LaTeX Info: Thecontrolsequence`\)'isalreadyrobust on input line 130.
LaTeX Info: Thecontrolsequence`\['isalreadyrobust on input line 130.
LaTeX Info: Thecontrolsequence`\]'isalreadyrobust on input line 130.
\g_MT_multlinerow_int=\count298
\l_MT_multwidth_dim=\dimen256
\origjot=\skip73
\l_MT_shortvdotswithinadjustabove_dim=\dimen257
\l_MT_shortvdotswithinadjustbelow_dim=\dimen258
\l_MT_above_intertext_sep=\dimen259
\l_MT_below_intertext_sep=\dimen260
\l_MT_above_shortintertext_sep=\dimen261
\l_MT_below_shortintertext_sep=\dimen262
\xmathstrut@box=\box58
\xmathstrut@dim=\dimen263
)
(/usr/local/Cellar/texlive/58837_1/share/texmf-dist/tex/latex/steinmetz/steinme
tz.sty
Package: steinmetz 2009/06/14 v1.0 Steinmetz symbol for electrotechnics

(/usr/local/Cellar/texlive/58837_1/share/texmf-dist/tex/latex/pict2e/pict2e.sty
Package: pict2e 2020/09/30 v0.4b Improved picture commands (HjG,RN,JT)

(/usr/local/Cellar/texlive/58837_1/share/texmf-dist/tex/latex/pict2e/pict2e.cfg
File: pict2e.cfg 2016/02/05 v0.1u pict2e configuration for teTeX/TeXLive
)
Package pict2e Info: Driver file: pdftex.def on input line 112.

(/usr/local/Cellar/texlive/58837_1/share/texmf-dist/tex/latex/graphics-def/pdft
ex.def
File: pdftex.def 2020/10/05 v1.2a Graphics/color driver for pdftex
)
Package pict2e Info: Driver file for pict2e: p2e-pdftex.def on input line 114.

(/usr/local/Cellar/texlive/58837_1/share/texmf-dist/tex/latex/pict2e/p2e-pdftex
.def
File: p2e-pdftex.def 2016/02/05 v0.1u Driver-dependant file (RN,HjG,JT)
)
(/usr/local/Cellar/texlive/58837_1/share/texmf-dist/tex/latex/graphics/trig.sty
Package: trig 2016/01/03 v1.10 sin cos tan (DPC)
)
\pIIe@GRAPH=\toks31
\@arclen=\dimen264
\@arcrad=\dimen265
\pIIe@tempdima=\dimen266
\pIIe@tempdimb=\dimen267
\pIIe@tempdimc=\dimen268
\pIIe@tempdimd=\dimen269
\pIIe@tempdime=\dimen270
\pIIe@tempdimf=\dimen271
)
\stm@phasebox=\box59
\stm@phasedp=\skip74
\stm@phaseht=\skip75
\stm@phasetot=\skip76
\stm@phasewd=\skip77
)
(/usr/local/Cellar/texlive/58837_1/share/texmf-dist/tex/latex/pgf/frontendlayer
/tikz.sty
(/usr/local/Cellar/texlive/58837_1/share/texmf-dist/tex/latex/pgf/basiclayer/pg
f.sty
(/usr/local/Cellar/texlive/58837_1/share/texmf-dist/tex/latex/pgf/utilities/pgf
rcs.sty
(/usr/local/Cellar/texlive/58837_1/share/texmf-dist/tex/generic/pgf/utilities/p
gfutil-common.tex
\pgfutil@everybye=\toks32
\pgfutil@tempdima=\dimen272
\pgfutil@tempdimb=\dimen273

(/usr/local/Cellar/texlive/58837_1/share/texmf-dist/tex/generic/pgf/utilities/p
gfutil-common-lists.tex))
(/usr/local/Cellar/texlive/58837_1/share/texmf-dist/tex/generic/pgf/utilities/p
gfutil-latex.def
\pgfutil@abb=\box60
)
(/usr/local/Cellar/texlive/58837_1/share/texmf-dist/tex/generic/pgf/utilities/p
gfrcs.code.tex
(/usr/local/Cellar/texlive/58837_1/share/texmf-dist/tex/generic/pgf/pgf.revisio
n.tex)
Package: pgfrcs 2020/12/27 v3.1.8b (3.1.8b)
))
Package: pgf 2020/12/27 v3.1.8b (3.1.8b)

(/usr/local/Cellar/texlive/58837_1/share/texmf-dist/tex/latex/pgf/basiclayer/pg
fcore.sty
(/usr/local/Cellar/texlive/58837_1/share/texmf-dist/tex/latex/graphics/graphicx
.sty
Package: graphicx 2020/09/09 v1.2b Enhanced LaTeX Graphics (DPC,SPQR)

(/usr/local/Cellar/texlive/58837_1/share/texmf-dist/tex/latex/graphics/graphics
.sty
Package: graphics 2020/08/30 v1.4c Standard LaTeX Graphics (DPC,SPQR)

(/usr/local/Cellar/texlive/58837_1/share/texmf-dist/tex/latex/graphics-cfg/grap
hics.cfg
File: graphics.cfg 2016/06/04 v1.11 sample graphics configuration
)
Package graphics Info: Driver file: pdftex.def on input line 105.
)
\Gin@req@height=\dimen274
\Gin@req@width=\dimen275
)
(/usr/local/Cellar/texlive/58837_1/share/texmf-dist/tex/latex/pgf/systemlayer/p
gfsys.sty
(/usr/local/Cellar/texlive/58837_1/share/texmf-dist/tex/generic/pgf/systemlayer
/pgfsys.code.tex
Package: pgfsys 2020/12/27 v3.1.8b (3.1.8b)

(/usr/local/Cellar/texlive/58837_1/share/texmf-dist/tex/generic/pgf/utilities/p
gfkeys.code.tex
\pgfkeys@pathtoks=\toks33
\pgfkeys@temptoks=\toks34

(/usr/local/Cellar/texlive/58837_1/share/texmf-dist/tex/generic/pgf/utilities/p
gfkeysfiltered.code.tex
\pgfkeys@tmptoks=\toks35
))
\pgf@x=\dimen276
\pgf@y=\dimen277
\pgf@xa=\dimen278
\pgf@ya=\dimen279
\pgf@xb=\dimen280
\pgf@yb=\dimen281
\pgf@xc=\dimen282
\pgf@yc=\dimen283
\pgf@xd=\dimen284
\pgf@yd=\dimen285
\w@pgf@writea=\write3
\r@pgf@reada=\read2
\c@pgf@counta=\count299
\c@pgf@countb=\count300
\c@pgf@countc=\count301
\c@pgf@countd=\count302
\t@pgf@toka=\toks36
\t@pgf@tokb=\toks37
\t@pgf@tokc=\toks38
\pgf@sys@id@count=\count303

(/usr/local/Cellar/texlive/58837_1/share/texmf-dist/tex/generic/pgf/systemlayer
/pgf.cfg
File: pgf.cfg 2020/12/27 v3.1.8b (3.1.8b)
)
Driver file for pgf: pgfsys-pdftex.def

(/usr/local/Cellar/texlive/58837_1/share/texmf-dist/tex/generic/pgf/systemlayer
/pgfsys-pdftex.def
File: pgfsys-pdftex.def 2020/12/27 v3.1.8b (3.1.8b)

(/usr/local/Cellar/texlive/58837_1/share/texmf-dist/tex/generic/pgf/systemlayer
/pgfsys-common-pdf.def
File: pgfsys-common-pdf.def 2020/12/27 v3.1.8b (3.1.8b)
)))
(/usr/local/Cellar/texlive/58837_1/share/texmf-dist/tex/generic/pgf/systemlayer
/pgfsyssoftpath.code.tex
File: pgfsyssoftpath.code.tex 2020/12/27 v3.1.8b (3.1.8b)
\pgfsyssoftpath@smallbuffer@items=\count304
\pgfsyssoftpath@bigbuffer@items=\count305
)
(/usr/local/Cellar/texlive/58837_1/share/texmf-dist/tex/generic/pgf/systemlayer
/pgfsysprotocol.code.tex
File: pgfsysprotocol.code.tex 2020/12/27 v3.1.8b (3.1.8b)
))
(/usr/local/Cellar/texlive/58837_1/share/texmf-dist/tex/latex/xcolor/xcolor.sty
Package: xcolor 2016/05/11 v2.12 LaTeX color extensions (UK)

(/usr/local/Cellar/texlive/58837_1/share/texmf-dist/tex/latex/graphics-cfg/colo
r.cfg
File: color.cfg 2016/01/02 v1.6 sample color configuration
)
Package xcolor Info: Driver file: pdftex.def on input line 225.
Package xcolor Info: Model `cmy' substituted by `cmy0' on input line 1348.
Package xcolor Info: Model `hsb' substituted by `rgb' on input line 1352.
Package xcolor Info: Model `RGB' extended on input line 1364.
Package xcolor Info: Model `HTML' substituted by `rgb' on input line 1366.
Package xcolor Info: Model `Hsb' substituted by `hsb' on input line 1367.
Package xcolor Info: Model `tHsb' substituted by `hsb' on input line 1368.
Package xcolor Info: Model `HSB' substituted by `hsb' on input line 1369.
Package xcolor Info: Model `Gray' substituted by `gray' on input line 1370.
Package xcolor Info: Model `wave' substituted by `hsb' on input line 1371.
)
(/usr/local/Cellar/texlive/58837_1/share/texmf-dist/tex/generic/pgf/basiclayer/
pgfcore.code.tex
Package: pgfcore 2020/12/27 v3.1.8b (3.1.8b)

(/usr/local/Cellar/texlive/58837_1/share/texmf-dist/tex/generic/pgf/math/pgfmat
h.code.tex
(/usr/local/Cellar/texlive/58837_1/share/texmf-dist/tex/generic/pgf/math/pgfmat
hcalc.code.tex
(/usr/local/Cellar/texlive/58837_1/share/texmf-dist/tex/generic/pgf/math/pgfmat
hutil.code.tex)
(/usr/local/Cellar/texlive/58837_1/share/texmf-dist/tex/generic/pgf/math/pgfmat
hparser.code.tex
\pgfmath@dimen=\dimen286
\pgfmath@count=\count306
\pgfmath@box=\box61
\pgfmath@toks=\toks39
\pgfmath@stack@operand=\toks40
\pgfmath@stack@operation=\toks41
)
(/usr/local/Cellar/texlive/58837_1/share/texmf-dist/tex/generic/pgf/math/pgfmat
hfunctions.code.tex
(/usr/local/Cellar/texlive/58837_1/share/texmf-dist/tex/generic/pgf/math/pgfmat
hfunctions.basic.code.tex)
(/usr/local/Cellar/texlive/58837_1/share/texmf-dist/tex/generic/pgf/math/pgfmat
hfunctions.trigonometric.code.tex)
(/usr/local/Cellar/texlive/58837_1/share/texmf-dist/tex/generic/pgf/math/pgfmat
hfunctions.random.code.tex)
(/usr/local/Cellar/texlive/58837_1/share/texmf-dist/tex/generic/pgf/math/pgfmat
hfunctions.comparison.code.tex)
(/usr/local/Cellar/texlive/58837_1/share/texmf-dist/tex/generic/pgf/math/pgfmat
hfunctions.base.code.tex)
(/usr/local/Cellar/texlive/58837_1/share/texmf-dist/tex/generic/pgf/math/pgfmat
hfunctions.round.code.tex)
(/usr/local/Cellar/texlive/58837_1/share/texmf-dist/tex/generic/pgf/math/pgfmat
hfunctions.misc.code.tex)
(/usr/local/Cellar/texlive/58837_1/share/texmf-dist/tex/generic/pgf/math/pgfmat
hfunctions.integerarithmetics.code.tex)))
(/usr/local/Cellar/texlive/58837_1/share/texmf-dist/tex/generic/pgf/math/pgfmat
hfloat.code.tex
\c@pgfmathroundto@lastzeros=\count307
))
(/usr/local/Cellar/texlive/58837_1/share/texmf-dist/tex/generic/pgf/math/pgfint
.code.tex)
(/usr/local/Cellar/texlive/58837_1/share/texmf-dist/tex/generic/pgf/basiclayer/
pgfcorepoints.code.tex
File: pgfcorepoints.code.tex 2020/12/27 v3.1.8b (3.1.8b)
\pgf@picminx=\dimen287
\pgf@picmaxx=\dimen288
\pgf@picminy=\dimen289
\pgf@picmaxy=\dimen290
\pgf@pathminx=\dimen291
\pgf@pathmaxx=\dimen292
\pgf@pathminy=\dimen293
\pgf@pathmaxy=\dimen294
\pgf@xx=\dimen295
\pgf@xy=\dimen296
\pgf@yx=\dimen297
\pgf@yy=\dimen298
\pgf@zx=\dimen299
\pgf@zy=\dimen300
)
(/usr/local/Cellar/texlive/58837_1/share/texmf-dist/tex/generic/pgf/basiclayer/
pgfcorepathconstruct.code.tex
File: pgfcorepathconstruct.code.tex 2020/12/27 v3.1.8b (3.1.8b)
\pgf@path@lastx=\dimen301
\pgf@path@lasty=\dimen302
)
(/usr/local/Cellar/texlive/58837_1/share/texmf-dist/tex/generic/pgf/basiclayer/
pgfcorepathusage.code.tex
File: pgfcorepathusage.code.tex 2020/12/27 v3.1.8b (3.1.8b)
\pgf@shorten@end@additional=\dimen303
\pgf@shorten@start@additional=\dimen304
)
(/usr/local/Cellar/texlive/58837_1/share/texmf-dist/tex/generic/pgf/basiclayer/
pgfcorescopes.code.tex
File: pgfcorescopes.code.tex 2020/12/27 v3.1.8b (3.1.8b)
\pgfpic=\box62
\pgf@hbox=\box63
\pgf@layerbox@main=\box64
\pgf@picture@serial@count=\count308
)
(/usr/local/Cellar/texlive/58837_1/share/texmf-dist/tex/generic/pgf/basiclayer/
pgfcoregraphicstate.code.tex
File: pgfcoregraphicstate.code.tex 2020/12/27 v3.1.8b (3.1.8b)
\pgflinewidth=\dimen305
)
(/usr/local/Cellar/texlive/58837_1/share/texmf-dist/tex/generic/pgf/basiclayer/
pgfcoretransformations.code.tex
File: pgfcoretransformations.code.tex 2020/12/27 v3.1.8b (3.1.8b)
\pgf@pt@x=\dimen306
\pgf@pt@y=\dimen307
\pgf@pt@temp=\dimen308
)
(/usr/local/Cellar/texlive/58837_1/share/texmf-dist/tex/generic/pgf/basiclayer/
pgfcorequick.code.tex
File: pgfcorequick.code.tex 2020/12/27 v3.1.8b (3.1.8b)
)
(/usr/local/Cellar/texlive/58837_1/share/texmf-dist/tex/generic/pgf/basiclayer/
pgfcoreobjects.code.tex
File: pgfcoreobjects.code.tex 2020/12/27 v3.1.8b (3.1.8b)
)
(/usr/local/Cellar/texlive/58837_1/share/texmf-dist/tex/generic/pgf/basiclayer/
pgfcorepathprocessing.code.tex
File: pgfcorepathprocessing.code.tex 2020/12/27 v3.1.8b (3.1.8b)
)
(/usr/local/Cellar/texlive/58837_1/share/texmf-dist/tex/generic/pgf/basiclayer/
pgfcorearrows.code.tex
File: pgfcorearrows.code.tex 2020/12/27 v3.1.8b (3.1.8b)
\pgfarrowsep=\dimen309
)
(/usr/local/Cellar/texlive/58837_1/share/texmf-dist/tex/generic/pgf/basiclayer/
pgfcoreshade.code.tex
File: pgfcoreshade.code.tex 2020/12/27 v3.1.8b (3.1.8b)
\pgf@max=\dimen310
\pgf@sys@shading@range@num=\count309
\pgf@shadingcount=\count310
)
(/usr/local/Cellar/texlive/58837_1/share/texmf-dist/tex/generic/pgf/basiclayer/
pgfcoreimage.code.tex
File: pgfcoreimage.code.tex 2020/12/27 v3.1.8b (3.1.8b)

(/usr/local/Cellar/texlive/58837_1/share/texmf-dist/tex/generic/pgf/basiclayer/
pgfcoreexternal.code.tex
File: pgfcoreexternal.code.tex 2020/12/27 v3.1.8b (3.1.8b)
\pgfexternal@startupbox=\box65
))
(/usr/local/Cellar/texlive/58837_1/share/texmf-dist/tex/generic/pgf/basiclayer/
pgfcorelayers.code.tex
File: pgfcorelayers.code.tex 2020/12/27 v3.1.8b (3.1.8b)
)
(/usr/local/Cellar/texlive/58837_1/share/texmf-dist/tex/generic/pgf/basiclayer/
pgfcoretransparency.code.tex
File: pgfcoretransparency.code.tex 2020/12/27 v3.1.8b (3.1.8b)
)
(/usr/local/Cellar/texlive/58837_1/share/texmf-dist/tex/generic/pgf/basiclayer/
pgfcorepatterns.code.tex
File: pgfcorepatterns.code.tex 2020/12/27 v3.1.8b (3.1.8b)
)
(/usr/local/Cellar/texlive/58837_1/share/texmf-dist/tex/generic/pgf/basiclayer/
pgfcorerdf.code.tex
File: pgfcorerdf.code.tex 2020/12/27 v3.1.8b (3.1.8b)
)))
(/usr/local/Cellar/texlive/58837_1/share/texmf-dist/tex/generic/pgf/modules/pgf
moduleshapes.code.tex
File: pgfmoduleshapes.code.tex 2020/12/27 v3.1.8b (3.1.8b)
\pgfnodeparttextbox=\box66
)
(/usr/local/Cellar/texlive/58837_1/share/texmf-dist/tex/generic/pgf/modules/pgf
moduleplot.code.tex
File: pgfmoduleplot.code.tex 2020/12/27 v3.1.8b (3.1.8b)
)
(/usr/local/Cellar/texlive/58837_1/share/texmf-dist/tex/latex/pgf/compatibility
/pgfcomp-version-0-65.sty
Package: pgfcomp-version-0-65 2020/12/27 v3.1.8b (3.1.8b)
\pgf@nodesepstart=\dimen311
\pgf@nodesepend=\dimen312
)
(/usr/local/Cellar/texlive/58837_1/share/texmf-dist/tex/latex/pgf/compatibility
/pgfcomp-version-1-18.sty
Package: pgfcomp-version-1-18 2020/12/27 v3.1.8b (3.1.8b)
))
(/usr/local/Cellar/texlive/58837_1/share/texmf-dist/tex/latex/pgf/utilities/pgf
for.sty
(/usr/local/Cellar/texlive/58837_1/share/texmf-dist/tex/latex/pgf/utilities/pgf
keys.sty
(/usr/local/Cellar/texlive/58837_1/share/texmf-dist/tex/generic/pgf/utilities/p
gfkeys.code.tex))
(/usr/local/Cellar/texlive/58837_1/share/texmf-dist/tex/latex/pgf/math/pgfmath.
sty
(/usr/local/Cellar/texlive/58837_1/share/texmf-dist/tex/generic/pgf/math/pgfmat
h.code.tex))
(/usr/local/Cellar/texlive/58837_1/share/texmf-dist/tex/generic/pgf/utilities/p
gffor.code.tex
Package: pgffor 2020/12/27 v3.1.8b (3.1.8b)

(/usr/local/Cellar/texlive/58837_1/share/texmf-dist/tex/generic/pgf/math/pgfmat
h.code.tex)
\pgffor@iter=\dimen313
\pgffor@skip=\dimen314
\pgffor@stack=\toks42
\pgffor@toks=\toks43
))
(/usr/local/Cellar/texlive/58837_1/share/texmf-dist/tex/generic/pgf/frontendlay
er/tikz/tikz.code.tex
Package: tikz 2020/12/27 v3.1.8b (3.1.8b)

(/usr/local/Cellar/texlive/58837_1/share/texmf-dist/tex/generic/pgf/libraries/p
gflibraryplothandlers.code.tex
File: pgflibraryplothandlers.code.tex 2020/12/27 v3.1.8b (3.1.8b)
\pgf@plot@mark@count=\count311
\pgfplotmarksize=\dimen315
)
\tikz@lastx=\dimen316
\tikz@lasty=\dimen317
\tikz@lastxsaved=\dimen318
\tikz@lastysaved=\dimen319
\tikz@lastmovetox=\dimen320
\tikz@lastmovetoy=\dimen321
\tikzleveldistance=\dimen322
\tikzsiblingdistance=\dimen323
\tikz@figbox=\box67
\tikz@figbox@bg=\box68
\tikz@tempbox=\box69
\tikz@tempbox@bg=\box70
\tikztreelevel=\count312
\tikznumberofchildren=\count313
\tikznumberofcurrentchild=\count314
\tikz@fig@count=\count315

(/usr/local/Cellar/texlive/58837_1/share/texmf-dist/tex/generic/pgf/modules/pgf
modulematrix.code.tex
File: pgfmodulematrix.code.tex 2020/12/27 v3.1.8b (3.1.8b)
\pgfmatrixcurrentrow=\count316
\pgfmatrixcurrentcolumn=\count317
\pgf@matrix@numberofcolumns=\count318
)
\tikz@expandcount=\count319

(/usr/local/Cellar/texlive/58837_1/share/texmf-dist/tex/generic/pgf/frontendlay
er/tikz/libraries/tikzlibrarytopaths.code.tex
File: tikzlibrarytopaths.code.tex 2020/12/27 v3.1.8b (3.1.8b)
)))
(/usr/local/Cellar/texlive/58837_1/share/texmf-dist/tex/latex/circuitikz/circui
tikz.sty
Package: circuitikz 2021/03/14{} The CircuiTikz circuit drawing package version
 1.3.2

(/usr/local/Cellar/texlive/58837_1/share/texmf-dist/tex/generic/pgf/frontendlay
er/tikz/libraries/tikzlibrarycalc.code.tex
File: tikzlibrarycalc.code.tex 2020/12/27 v3.1.8b (3.1.8b)
)
(/usr/local/Cellar/texlive/58837_1/share/texmf-dist/tex/generic/pgf/libraries/p
gflibraryarrows.meta.code.tex
File: pgflibraryarrows.meta.code.tex 2020/12/27 v3.1.8b (3.1.8b)
\pgfarrowinset=\dimen324
\pgfarrowlength=\dimen325
\pgfarrowwidth=\dimen326
\pgfarrowlinewidth=\dimen327
)
(/usr/local/Cellar/texlive/58837_1/share/texmf-dist/tex/generic/pgf/frontendlay
er/tikz/libraries/tikzlibrarybending.code.tex
File: tikzlibrarybending.code.tex 2020/12/27 v3.1.8b (3.1.8b)

(/usr/local/Cellar/texlive/58837_1/share/texmf-dist/tex/generic/pgf/modules/pgf
modulebending.code.tex
File: pgfmodulebending.code.tex 2020/12/27 v3.1.8b (3.1.8b)

(/usr/local/Cellar/texlive/58837_1/share/texmf-dist/tex/generic/pgf/modules/pgf
modulenonlineartransformations.code.tex
File: pgfmodulenonlineartransformations.code.tex 2020/12/27 v3.1.8b (3.1.8b)
\pgftransformnonlinearflatness=\dimen328
)
(/usr/local/Cellar/texlive/58837_1/share/texmf-dist/tex/generic/pgf/libraries/p
gflibrarycurvilinear.code.tex
File: pgflibrarycurvilinear.code.tex 2020/12/27 v3.1.8b (3.1.8b)
\pgf@curvilinear@time@a=\dimen329
\pgf@curvilinear@length@a=\dimen330
\pgf@curvilinear@length@b=\dimen331
\pgf@curvilinear@length@c=\dimen332
\pgf@curvilinear@length@d=\dimen333
)
\pgf@arrows@the@rigidity=\dimen334
))
(/usr/local/Cellar/texlive/58837_1/share/texmf-dist/tex/generic/pgf/frontendlay
er/tikz/libraries/tikzlibraryfpu.code.tex
(/usr/local/Cellar/texlive/58837_1/share/texmf-dist/tex/generic/pgf/libraries/p
gflibraryfpu.code.tex))
(/usr/local/Cellar/texlive/58837_1/share/texmf-dist/tex/generic/circuitikz/pgfc
irc.defines.tex
\pgf@circ@count@a=\count320
\pgf@circ@count@b=\count321
\pgf@circ@count@c=\count322
\pgf@circ@res@up=\dimen335
\pgf@circ@res@down=\dimen336
\pgf@circ@res@zero=\dimen337
\pgf@circ@res@left=\dimen338
\pgf@circ@res@right=\dimen339
\pgf@circ@res@other=\dimen340
\pgf@circ@res@step=\dimen341
\pgf@circ@res@temp=\dimen342
\pgf@circ@Rlen=\dimen343
\pgf@circ@scaled@Rlen=\dimen344
\pgfstartlinewidth=\dimen345
)
(/usr/local/Cellar/texlive/58837_1/share/texmf-dist/tex/generic/circuitikz/pgfc
ircutils.tex)
(/usr/local/Cellar/texlive/58837_1/share/texmf-dist/tex/generic/circuitikz/pgfc
ircpath.tex)
(/usr/local/Cellar/texlive/58837_1/share/texmf-dist/tex/generic/circuitikz/pgfc
ircshapes.tex)
(/usr/local/Cellar/texlive/58837_1/share/texmf-dist/tex/generic/circuitikz/pgfc
ircmonopoles.tex)
(/usr/local/Cellar/texlive/58837_1/share/texmf-dist/tex/generic/circuitikz/pgfc
ircbipoles.tex)
(/usr/local/Cellar/texlive/58837_1/share/texmf-dist/tex/generic/circuitikz/pgfc
irctripoles.tex
\pgf@circ@res@count=\count323
)
(/usr/local/Cellar/texlive/58837_1/share/texmf-dist/tex/generic/circuitikz/pgfc
ircquadpoles.tex)
(/usr/local/Cellar/texlive/58837_1/share/texmf-dist/tex/generic/circuitikz/pgfc
ircmultipoles.tex)
(/usr/local/Cellar/texlive/58837_1/share/texmf-dist/tex/generic/circuitikz/pgfc
irclabel.tex)
(/usr/local/Cellar/texlive/58837_1/share/texmf-dist/tex/generic/circuitikz/pgfc
ircvoltage.tex
\pgfcirc@labelshift=\dimen346
)
(/usr/local/Cellar/texlive/58837_1/share/texmf-dist/tex/generic/circuitikz/pgfc
irccurrent.tex)
(/usr/local/Cellar/texlive/58837_1/share/texmf-dist/tex/generic/circuitikz/pgfc
ircflow.tex))
(/usr/local/Cellar/texlive/58837_1/share/texmf-dist/tex/latex/tools/verbatim.st
y
Package: verbatim 2020-07-07 v1.5u LaTeX2e package for verbatim enhancements
\every@verbatim=\toks44
\verbatim@line=\toks45
\verbatim@in@stream=\read3
)
(/usr/local/Cellar/texlive/58837_1/share/texmf-dist/tex/latex/tfrupee/tfrupee.s
ty
Package: tfrupee 2010/12/15 LaTeX Support for the TechFat Rupee symbols by Tech
Fat (http://techfat.blogspot.com/2010/07/new-open-source-india-rupee-font.html)
. Adapted for use with TeX by Palle Jorgensen, hamselv(a)pallej.dk
)
(/usr/local/Cellar/texlive/58837_1/share/texmf-dist/tex/latex/hyperref/hyperref
.sty
Package: hyperref 2021-02-27 v7.00k Hypertext links for LaTeX

(/usr/local/Cellar/texlive/58837_1/share/texmf-dist/tex/generic/ltxcmds/ltxcmds
.sty
Package: ltxcmds 2020-05-10 v1.25 LaTeX kernel commands for general use (HO)
)
(/usr/local/Cellar/texlive/58837_1/share/texmf-dist/tex/generic/iftex/iftex.sty
Package: iftex 2020/03/06 v1.0d TeX engine tests
)
(/usr/local/Cellar/texlive/58837_1/share/texmf-dist/tex/generic/pdftexcmds/pdft
excmds.sty
Package: pdftexcmds 2020-06-27 v0.33 Utility functions of pdfTeX for LuaTeX (HO
)

(/usr/local/Cellar/texlive/58837_1/share/texmf-dist/tex/generic/infwarerr/infwa
rerr.sty
Package: infwarerr 2019/12/03 v1.5 Providing info/warning/error messages (HO)
)
Package pdftexcmds Info: \pdf@primitive is available.
Package pdftexcmds Info: \pdf@ifprimitive is available.
Package pdftexcmds Info: \pdfdraftmode found.
)
(/usr/local/Cellar/texlive/58837_1/share/texmf-dist/tex/generic/kvsetkeys/kvset
keys.sty
Package: kvsetkeys 2019/12/15 v1.18 Key value parser (HO)
)
(/usr/local/Cellar/texlive/58837_1/share/texmf-dist/tex/generic/kvdefinekeys/kv
definekeys.sty
Package: kvdefinekeys 2019-12-19 v1.6 Define keys (HO)
)
(/usr/local/Cellar/texlive/58837_1/share/texmf-dist/tex/generic/pdfescape/pdfes
cape.sty
Package: pdfescape 2019/12/09 v1.15 Implements pdfTeX's escape features (HO)
)
(/usr/local/Cellar/texlive/58837_1/share/texmf-dist/tex/latex/hycolor/hycolor.s
ty
Package: hycolor 2020-01-27 v1.10 Color options for hyperref/bookmark (HO)
)
(/usr/local/Cellar/texlive/58837_1/share/texmf-dist/tex/latex/letltxmacro/letlt
xmacro.sty
Package: letltxmacro 2019/12/03 v1.6 Let assignment for LaTeX macros (HO)
)
(/usr/local/Cellar/texlive/58837_1/share/texmf-dist/tex/latex/auxhook/auxhook.s
ty
Package: auxhook 2019-12-17 v1.6 Hooks for auxiliary files (HO)
)
(/usr/local/Cellar/texlive/58837_1/share/texmf-dist/tex/latex/kvoptions/kvoptio
ns.sty
Package: kvoptions 2020-10-07 v3.14 Key value format for package options (HO)
)
\@linkdim=\dimen347
\Hy@linkcounter=\count324
\Hy@pagecounter=\count325

(/usr/local/Cellar/texlive/58837_1/share/texmf-dist/tex/latex/hyperref/pd1enc.d
ef
File: pd1enc.def 2021-02-27 v7.00k Hyperref: PDFDocEncoding definition (HO)
Now handling font encoding PD1 ...
... no UTF-8 mapping file for font encoding PD1
)
(/usr/local/Cellar/texlive/58837_1/share/texmf-dist/tex/latex/hyperref/hyperref
-langpatches.def
File: hyperref-langpatches.def 2021-02-27 v7.00k Hyperref: patches for babel la
nguages
)
(/usr/local/Cellar/texlive/58837_1/share/texmf-dist/tex/generic/intcalc/intcalc
.sty
Package: intcalc 2019/12/15 v1.3 Expandable calculations with integers (HO)
)
(/usr/local/Cellar/texlive/58837_1/share/texmf-dist/tex/generic/etexcmds/etexcm
ds.sty
Package: etexcmds 2019/12/15 v1.7 Avoid name clashes with e-TeX commands (HO)
)
\Hy@SavedSpaceFactor=\count326

(/usr/local/Cellar/texlive/58837_1/share/texmf-dist/tex/latex/hyperref/puenc.de
f
File: puenc.def 2021-02-27 v7.00k Hyperref: PDF Unicode definition (HO)
Now handling font encoding PU ...
... no UTF-8 mapping file for font encoding PU
)
Package hyperref Info: Option `breaklinks' set `true' on input line 4073.
Package hyperref Info: Hyper figures OFF on input line 4192.
Package hyperref Info: Link nesting OFF on input line 4197.
Package hyperref Info: Hyper index ON on input line 4200.
Package hyperref Info: Plain pages OFF on input line 4207.
Package hyperref Info: Backreferencing OFF on input line 4212.
Package hyperref Info: Implicit mode ON; LaTeX internals redefined.
Package hyperref Info: Bookmarks ON on input line 4445.
\c@Hy@tempcnt=\count327
 (/usr/local/Cellar/texlive/58837_1/share/texmf-dist/tex/latex/url/url.sty
\Urlmuskip=\muskip17
Package: url 2013/09/16  ver 3.4  Verb mode for urls, etc.
)
LaTeX Info: Redefining \url on input line 4804.
\XeTeXLinkMargin=\dimen348

(/usr/local/Cellar/texlive/58837_1/share/texmf-dist/tex/generic/bitset/bitset.s
ty
Package: bitset 2019/12/09 v1.3 Handle bit-vector datatype (HO)

(/usr/local/Cellar/texlive/58837_1/share/texmf-dist/tex/generic/bigintcalc/bigi
ntcalc.sty
Package: bigintcalc 2019/12/15 v1.5 Expandable calculations on big integers (HO
)
))
\Fld@menulength=\count328
\Field@Width=\dimen349
\Fld@charsize=\dimen350
Package hyperref Info: Hyper figures OFF on input line 6075.
Package hyperref Info: Link nesting OFF on input line 6080.
Package hyperref Info: Hyper index ON on input line 6083.
Package hyperref Info: backreferencing OFF on input line 6090.
Package hyperref Info: Link coloring OFF on input line 6095.
Package hyperref Info: Link coloring with OCG OFF on input line 6100.
Package hyperref Info: PDF/A mode OFF on input line 6105.
LaTeX Info: Redefining \ref on input line 6145.
LaTeX Info: Redefining \pageref on input line 6149.

(/usr/local/Cellar/texlive/58837_1/share/texmf-dist/tex/latex/base/atbegshi-ltx
.sty
Package: atbegshi-ltx 2020/08/17 v1.0a Emulation of the original atbegshi packa
ge
with kernel methods
)
\Hy@abspage=\count329
\c@Item=\count330
\c@Hfootnote=\count331
)
Package hyperref Info: Driver (autodetected): hpdftex.

(/usr/local/Cellar/texlive/58837_1/share/texmf-dist/tex/latex/hyperref/hpdftex.
def
File: hpdftex.def 2021-02-27 v7.00k Hyperref driver for pdfTeX

(/usr/local/Cellar/texlive/58837_1/share/texmf-dist/tex/latex/base/atveryend-lt
x.sty
Package: atveryend-ltx 2020/08/19 v1.0a Emulation of the original atvery packag
e
with kernel methods
)
\Fld@listcount=\count332
\c@bookmark@seq@number=\count333

(/usr/local/Cellar/texlive/58837_1/share/texmf-dist/tex/latex/rerunfilecheck/re
runfilecheck.sty
Package: rerunfilecheck 2019/12/05 v1.9 Rerun checks for auxiliary files (HO)

(/usr/local/Cellar/texlive/58837_1/share/texmf-dist/tex/generic/uniquecounter/u
niquecounter.sty
Package: uniquecounter 2019/12/15 v1.4 Provide unlimited unique counter (HO)
)
Package uniquecounter Info: New unique counter `rerunfilecheck' on input line 2
86.
)
\Hy@SectionHShift=\skip78
)
(/usr/local/Cellar/texlive/58837_1/share/texmf-dist/tex/latex/tkz-euclide/tkz-e
uclide.sty
2020/03/18 3.06c tkz-euclide.sty
Package: tkz-euclide 2020/03/18 3.06c for euclidan geometry 

(/usr/local/Cellar/texlive/58837_1/share/texmf-dist/tex/latex/tkz-base/tkz-base
.sty
2020/03/18 3.06c tkz-base.sty
Package: tkz-base 2020/03/18 3.06c tkz-base

(/usr/local/Cellar/texlive/58837_1/share/texmf-dist/tex/generic/pgf/frontendlay
er/tikz/libraries/tikzlibraryangles.code.tex
File: tikzlibraryangles.code.tex 2020/12/27 v3.1.8b (3.1.8b)
)
(/usr/local/Cellar/texlive/58837_1/share/texmf-dist/tex/generic/pgf/frontendlay
er/tikz/libraries/tikzlibraryarrows.code.tex
File: tikzlibraryarrows.code.tex 2020/12/27 v3.1.8b (3.1.8b)

(/usr/local/Cellar/texlive/58837_1/share/texmf-dist/tex/generic/pgf/libraries/p
gflibraryarrows.code.tex
File: pgflibraryarrows.code.tex 2020/12/27 v3.1.8b (3.1.8b)
\arrowsize=\dimen351
))
(/usr/local/Cellar/texlive/58837_1/share/texmf-dist/tex/generic/pgf/frontendlay
er/tikz/libraries/tikzlibrarybabel.code.tex
File: tikzlibrarybabel.code.tex 2020/12/27 v3.1.8b (3.1.8b)
)
(/usr/local/Cellar/texlive/58837_1/share/texmf-dist/tex/generic/pgf/frontendlay
er/tikz/libraries/tikzlibrarydecorations.code.tex
(/usr/local/Cellar/texlive/58837_1/share/texmf-dist/tex/generic/pgf/modules/pgf
moduledecorations.code.tex
\pgfdecoratedcompleteddistance=\dimen352
\pgfdecoratedremainingdistance=\dimen353
\pgfdecoratedinputsegmentcompleteddistance=\dimen354
\pgfdecoratedinputsegmentremainingdistance=\dimen355
\pgf@decorate@distancetomove=\dimen356
\pgf@decorate@repeatstate=\count334
\pgfdecorationsegmentamplitude=\dimen357
\pgfdecorationsegmentlength=\dimen358
)
\tikz@lib@dec@box=\box71
)
(/usr/local/Cellar/texlive/58837_1/share/texmf-dist/tex/generic/pgf/frontendlay
er/tikz/libraries/tikzlibrarydecorations.markings.code.tex
(/usr/local/Cellar/texlive/58837_1/share/texmf-dist/tex/generic/pgf/libraries/d
ecorations/pgflibrarydecorations.markings.code.tex))
(/usr/local/Cellar/texlive/58837_1/share/texmf-dist/tex/generic/pgf/frontendlay
er/tikz/libraries/tikzlibrarydecorations.pathreplacing.code.tex
(/usr/local/Cellar/texlive/58837_1/share/texmf-dist/tex/generic/pgf/libraries/d
ecorations/pgflibrarydecorations.pathreplacing.code.tex))
(/usr/local/Cellar/texlive/58837_1/share/texmf-dist/tex/generic/pgf/frontendlay
er/tikz/libraries/tikzlibrarydecorations.shapes.code.tex
(/usr/local/Cellar/texlive/58837_1/share/texmf-dist/tex/generic/pgf/libraries/d
ecorations/pgflibrarydecorations.shapes.code.tex))
(/usr/local/Cellar/texlive/58837_1/share/texmf-dist/tex/generic/pgf/frontendlay
er/tikz/libraries/tikzlibrarydecorations.text.code.tex
(/usr/local/Cellar/texlive/58837_1/share/texmf-dist/tex/generic/pgf/libraries/d
ecorations/pgflibrarydecorations.text.code.tex
\pgf@lib@dec@text@box=\box72
)
\tikz@lib@dec@te@box=\box73
)
(/usr/local/Cellar/texlive/58837_1/share/texmf-dist/tex/generic/pgf/frontendlay
er/tikz/libraries/tikzlibrarydecorations.pathmorphing.code.tex
(/usr/local/Cellar/texlive/58837_1/share/texmf-dist/tex/generic/pgf/libraries/d
ecorations/pgflibrarydecorations.pathmorphing.code.tex))
(/usr/local/Cellar/texlive/58837_1/share/texmf-dist/tex/generic/pgf/frontendlay
er/tikz/libraries/tikzlibraryintersections.code.tex
(/usr/local/Cellar/texlive/58837_1/share/texmf-dist/tex/generic/pgf/libraries/p
gflibraryintersections.code.tex
\pgf@intersect@solutions=\count335
))
(/usr/local/Cellar/texlive/58837_1/share/texmf-dist/tex/generic/pgf/frontendlay
er/tikz/libraries/tikzlibrarypatterns.code.tex
File: tikzlibrarypatterns.code.tex 2020/12/27 v3.1.8b (3.1.8b)

(/usr/local/Cellar/texlive/58837_1/share/texmf-dist/tex/generic/pgf/libraries/p
gflibrarypatterns.code.tex
File: pgflibrarypatterns.code.tex 2020/12/27 v3.1.8b (3.1.8b)
))
(/usr/local/Cellar/texlive/58837_1/share/texmf-dist/tex/generic/pgf/frontendlay
er/tikz/libraries/tikzlibraryplotmarks.code.tex
File: tikzlibraryplotmarks.code.tex 2020/12/27 v3.1.8b (3.1.8b)

(/usr/local/Cellar/texlive/58837_1/share/texmf-dist/tex/generic/pgf/libraries/p
gflibraryplotmarks.code.tex
File: pgflibraryplotmarks.code.tex 2020/12/27 v3.1.8b (3.1.8b)
))
(/usr/local/Cellar/texlive/58837_1/share/texmf-dist/tex/generic/pgf/frontendlay
er/tikz/libraries/tikzlibrarypositioning.code.tex
File: tikzlibrarypositioning.code.tex 2020/12/27 v3.1.8b (3.1.8b)
)
(/usr/local/Cellar/texlive/58837_1/share/texmf-dist/tex/generic/pgf/frontendlay
er/tikz/libraries/tikzlibraryquotes.code.tex
File: tikzlibraryquotes.code.tex 2020/12/27 v3.1.8b (3.1.8b)
)
(/usr/local/Cellar/texlive/58837_1/share/texmf-dist/tex/generic/pgf/frontendlay
er/tikz/libraries/tikzlibraryshadows.code.tex
File: tikzlibraryshadows.code.tex 2020/12/27 v3.1.8b (3.1.8b)

(/usr/local/Cellar/texlive/58837_1/share/texmf-dist/tex/generic/pgf/frontendlay
er/tikz/libraries/tikzlibraryfadings.code.tex
File: tikzlibraryfadings.code.tex 2020/12/27 v3.1.8b (3.1.8b)

(/usr/local/Cellar/texlive/58837_1/share/texmf-dist/tex/generic/pgf/libraries/p
gflibraryfadings.code.tex
File: pgflibraryfadings.code.tex 2020/12/27 v3.1.8b (3.1.8b)
)))
(/usr/local/Cellar/texlive/58837_1/share/texmf-dist/tex/generic/pgf/frontendlay
er/tikz/libraries/tikzlibraryshapes.misc.code.tex
File: tikzlibraryshapes.misc.code.tex 2020/12/27 v3.1.8b (3.1.8b)

(/usr/local/Cellar/texlive/58837_1/share/texmf-dist/tex/generic/pgf/libraries/s
hapes/pgflibraryshapes.misc.code.tex
File: pgflibraryshapes.misc.code.tex 2020/12/27 v3.1.8b (3.1.8b)
))
(/usr/local/Cellar/texlive/58837_1/share/texmf-dist/tex/generic/pgf/frontendlay
er/tikz/libraries/tikzlibrarythrough.code.tex
File: tikzlibrarythrough.code.tex 2020/12/27 v3.1.8b (3.1.8b)
)
(/usr/local/Cellar/texlive/58837_1/share/texmf-dist/tex/latex/numprint/numprint
.sty
Package: numprint 2012/08/20 v1.39 Print numbers (HH)
\c@nprt@mantissa@digitsbefore=\count336
\c@nprt@mantissa@digitsafter=\count337
\c@nprt@exponent@digitsbefore=\count338
\c@nprt@exponent@digitsafter=\count339
\nprt@digitwidth=\skip79
\nprt@sepwidth=\skip80
\nprt@decimalwidth=\skip81
\nprt@blockwidth=\skip82
\nprt@digittoks=\toks46
\nprt@pretoks=\toks47
\nprt@posttoks=\toks48
\nprt@thisdigit=\count340
\nprt@curpos=\count341
\nprt@rndpos=\count342
\c@nprt@digitsfirstblock=\count343
\c@nprt@blockcnt=\count344
\c@nprt@cntprint=\count345
 No configuration file `numprint.cfg' found.)
(/usr/local/Cellar/texlive/58837_1/share/texmf-dist/tex/latex/l3packages/xfp/xf
p.sty
(/usr/local/Cellar/texlive/58837_1/share/texmf-dist/tex/latex/l3kernel/expl3.st
y
Package: expl3 2021-02-18 L3 programming layer (loader) 

(/usr/local/Cellar/texlive/58837_1/share/texmf-dist/tex/latex/l3backend/l3backe
nd-pdftex.def
File: l3backend-pdftex.def 2021-03-18 L3 backend support: PDF output (pdfTeX)
\l__color_backend_stack_int=\count346
\l__pdf_internal_box=\box74
))
Package: xfp 2021-03-12 L3 Floating point unit

LaTeX3 Info: Defining command \fpeval with sig. 'm' on line 37.


LaTeX3 Info: Defining command \inteval with sig. 'm' on line 38.

)
(/usr/local/Cellar/texlive/58837_1/share/texmf-dist/tex/latex/fp/fp.sty
Package: fp 1995/04/02

`Fixed Point Package', Version 0.8, April 2, 1995 (C) Michael Mehlich
(/usr/local/Cellar/texlive/58837_1/share/texmf-dist/tex/latex/fp/defpattern.sty
Package: defpattern 1994/10/12
\actioncount=\count347
) (/usr/local/Cellar/texlive/58837_1/share/texmf-dist/tex/latex/fp/fp-basic.sty
Package: fp-basic 1996/05/13
\FP@xs=\count348
\FP@xia=\count349
\FP@xib=\count350
\FP@xfa=\count351
\FP@xfb=\count352
\FP@rega=\count353
\FP@regb=\count354
\FP@regs=\count355
\FP@times=\count356
)
(/usr/local/Cellar/texlive/58837_1/share/texmf-dist/tex/latex/fp/fp-addons.sty
Package: fp-addons 1995/03/15
) (/usr/local/Cellar/texlive/58837_1/share/texmf-dist/tex/latex/fp/fp-snap.sty
Package: fp-snap 1995/04/05
)
(/usr/local/Cellar/texlive/58837_1/share/texmf-dist/tex/latex/fp/fp-exp.sty
Package: fp-exp 1995/04/03
)
(/usr/local/Cellar/texlive/58837_1/share/texmf-dist/tex/latex/fp/fp-trigo.sty
Package: fp-trigo 1995/04/14
)
(/usr/local/Cellar/texlive/58837_1/share/texmf-dist/tex/latex/fp/fp-pas.sty
Package: fp-pas 1994/08/29
)
(/usr/local/Cellar/texlive/58837_1/share/texmf-dist/tex/latex/fp/fp-random.sty
Package: fp-random 1995/02/23
\FPseed=\count357
) (/usr/local/Cellar/texlive/58837_1/share/texmf-dist/tex/latex/fp/fp-eqn.sty
Package: fp-eqn 1995/04/03
)
(/usr/local/Cellar/texlive/58837_1/share/texmf-dist/tex/latex/fp/fp-upn.sty
Package: fp-upn 1996/10/21
)
(/usr/local/Cellar/texlive/58837_1/share/texmf-dist/tex/latex/fp/fp-eval.sty
Package: fp-eval 1995/04/03
))
\tkzRadius=\dimen359
\tkzLength=\dimen360
\tkz@radi=\dimen361
\tkz@ax=\dimen362
\tkz@ay=\dimen363
\tkz@bx=\dimen364
\tkz@by=\dimen365
\tkz@cx=\dimen366
\tkz@cy=\dimen367
\tkz@dx=\dimen368
\tkz@dy=\dimen369
\tkz@tax=\dimen370
\tkz@tay=\dimen371
\tkz@tbx=\dimen372
\tkz@tby=\dimen373
\tkz@tcx=\dimen374
\tkz@tcy=\dimen375
\tkz@tdx=\dimen376
\tkz@tdy=\dimen377
\tkz@cntmk=\count358

Local configuration file tkz-base.cfg found and used

(/usr/local/Cellar/texlive/58837_1/share/texmf-dist/tex/latex/tkz-base/tkz-base
.cfg
2020/03/18 3.06c tkz-base.cfg
)
(/usr/local/Cellar/texlive/58837_1/share/texmf-dist/tex/latex/tkz-base/tkz-tool
s-modules.tex
2020/03/18 3.06c tkz-tools-utilities.tex
)
(/usr/local/Cellar/texlive/58837_1/share/texmf-dist/tex/latex/tkz-base/tkz-lib-
marks.tex
2020/03/18 3.06c tkz-lib-symbols.tex
)
(/usr/local/Cellar/texlive/58837_1/share/texmf-dist/tex/latex/tkz-base/tkz-tool
s-base.tex
2020/03/18 3.06c tkz-tools-base.tex
)
(/usr/local/Cellar/texlive/58837_1/share/texmf-dist/tex/latex/tkz-base/tkz-tool
s-utilities.tex
2020/03/18 3.06c tkz-tools-utilities.tex
)
(/usr/local/Cellar/texlive/58837_1/share/texmf-dist/tex/latex/tkz-euclide/tkz-t
ools-math.tex
2020/03/18 3.06c tkz-tools-math.tex
)
(/usr/local/Cellar/texlive/58837_1/share/texmf-dist/tex/latex/tkz-base/tkz-tool
s-text.tex
2020/03/18 3.06c tkz-tools-text.tex
)
(/usr/local/Cellar/texlive/58837_1/share/texmf-dist/tex/latex/tkz-base/tkz-tool
s-BB.tex
2020/03/18 3.06c tkz-obj-BB.tex
)
(/usr/local/Cellar/texlive/58837_1/share/texmf-dist/tex/latex/tkz-base/tkz-tool
s-arith.tex
2020/03/18 3.06c tkz-tools-arith.tex
File: tkz-tool-arith.tex tkz-tool-arith 3.02 c
)
(/usr/local/Cellar/texlive/58837_1/share/texmf-dist/tex/latex/tkz-base/tkz-tool
s-print.tex
2020/03/18 3.06c tkz-tools-print.tex
)
(/usr/local/Cellar/texlive/58837_1/share/texmf-dist/tex/latex/tkz-base/tkz-tool
s-misc.tex
2020/03/18 3.06c tkz-tools-misc.tex
)
(/usr/local/Cellar/texlive/58837_1/share/texmf-dist/tex/latex/tkz-base/tkz-obj-
axes.tex
2020/03/18 3.06c tkz-obj-axes.tex
)
(/usr/local/Cellar/texlive/58837_1/share/texmf-dist/tex/latex/tkz-base/tkz-obj-
grids.tex
2020/03/18 3.06c tkz-obj-grids.tex
)
(/usr/local/Cellar/texlive/58837_1/share/texmf-dist/tex/latex/tkz-base/tkz-obj-
marks.tex
2020/03/18 3.07c tkz-obj-marks.tex
)
(/usr/local/Cellar/texlive/58837_1/share/texmf-dist/tex/latex/tkz-base/tkz-obj-
points.tex
2020/03/18 3.06c tkz-obj-points.tex
)
(/usr/local/Cellar/texlive/58837_1/share/texmf-dist/tex/latex/tkz-base/tkz-obj-
rep.tex
2020/03/18 3.06c tkz-obj-rep.tex
))
(/usr/local/Cellar/texlive/58837_1/share/texmf-dist/tex/latex/tkz-euclide/tkz-t
ools-intersections.tex
2020/03/18 3.06c tkz-tools-intersections.tex
)
(/usr/local/Cellar/texlive/58837_1/share/texmf-dist/tex/latex/tkz-euclide/tkz-t
ools-angles.tex
2020/03/18 3.06c tkz-tools-angles.tex
)
(/usr/local/Cellar/texlive/58837_1/share/texmf-dist/tex/latex/tkz-euclide/tkz-o
bj-eu-angles.tex
2020/03/18 3.06c tkz-tool-eu-angles.tex
\tkz@arcsize=\dimen378
\tkz@fillsize=\dimen379
)
(/usr/local/Cellar/texlive/58837_1/share/texmf-dist/tex/latex/tkz-euclide/tkz-o
bj-eu-arcs.tex
2020/03/23 3.06c tkz-obj-eu-arcs.tex
)
(/usr/local/Cellar/texlive/58837_1/share/texmf-dist/tex/latex/tkz-euclide/tkz-o
bj-eu-compass.tex
2020/03/18 3.06c tkz-obj-eu-compass.tex
)
(/usr/local/Cellar/texlive/58837_1/share/texmf-dist/tex/latex/tkz-euclide/tkz-o
bj-eu-circles.tex
2020/03/18 3.06c tkz-obj-eu-circles.tex
)
(/usr/local/Cellar/texlive/58837_1/share/texmf-dist/tex/latex/tkz-euclide/tkz-o
bj-eu-draw-circles.tex
2020/03/18 3.06c tkz-obj-eu-draw-circles.tex
)
(/usr/local/Cellar/texlive/58837_1/share/texmf-dist/tex/latex/tkz-euclide/tkz-o
bj-eu-draw-lines.tex
2020/03/18 3.06c tkz-obj-eu-draw-lines.tex
)
(/usr/local/Cellar/texlive/58837_1/share/texmf-dist/tex/latex/tkz-euclide/tkz-o
bj-eu-draw-polygons.tex
2020/03/18 3.06c tkz-obj-eu-polygons.tex
)
(/usr/local/Cellar/texlive/58837_1/share/texmf-dist/tex/latex/tkz-euclide/tkz-o
bj-eu-draw-triangles.tex)
(/usr/local/Cellar/texlive/58837_1/share/texmf-dist/tex/latex/tkz-euclide/tkz-o
bj-eu-lines.tex
2020/03/18 3.06c tkz-obj-eu-lines.tex
)
(/usr/local/Cellar/texlive/58837_1/share/texmf-dist/tex/latex/tkz-euclide/tkz-o
bj-eu-points.tex
2020/03/18 3.06c tkz-obj-eu-points.tex
)
(/usr/local/Cellar/texlive/58837_1/share/texmf-dist/tex/latex/tkz-euclide/tkz-o
bj-eu-points-by.tex
2020/03/18 3.06c tkz-tools-eu-points-by.tex
)
(/usr/local/Cellar/texlive/58837_1/share/texmf-dist/tex/latex/tkz-euclide/tkz-o
bj-eu-points-rnd.tex
2020/03/18 3.06c tkz-obj-eu-points-rnd.tex
)
(/usr/local/Cellar/texlive/58837_1/share/texmf-dist/tex/latex/tkz-euclide/tkz-o
bj-eu-points-with.tex
2020/03/18 3.06c tkz-obj-eu-points-with.tex
)
(/usr/local/Cellar/texlive/58837_1/share/texmf-dist/tex/latex/tkz-euclide/tkz-o
bj-eu-polygons.tex
2020/03/18 3.06c tkz-obj-eu-polygons.tex
)
(/usr/local/Cellar/texlive/58837_1/share/texmf-dist/tex/latex/tkz-euclide/tkz-o
bj-eu-protractor.tex
2020/03/18 3.06c tkz-obj-eu-protractor.tex
)
(/usr/local/Cellar/texlive/58837_1/share/texmf-dist/tex/latex/tkz-euclide/tkz-o
bj-eu-sectors.tex
2020/03/18 3.06c tkz-obj-eu-sectors.tex
)
(/usr/local/Cellar/texlive/58837_1/share/texmf-dist/tex/latex/tkz-euclide/tkz-o
bj-eu-show.tex
2020/03/18 3.06c tkz-obj-eu-show.tex
)
(/usr/local/Cellar/texlive/58837_1/share/texmf-dist/tex/latex/tkz-euclide/tkz-o
bj-eu-triangles.tex
2020/03/18 3.06c tkz-obj-eu-triangles.tex
))
(/usr/local/Cellar/texlive/58837_1/share/texmf-dist/tex/latex/tools/tabularx.st
y
Package: tabularx 2020/01/15 v2.11c `tabularx' package (DPC)
\TX@col@width=\dimen380
\TX@old@table=\dimen381
\TX@old@col=\dimen382
\TX@target=\dimen383
\TX@delta=\dimen384
\TX@cols=\count359
\TX@ftn=\toks49
)
(/usr/local/Cellar/texlive/58837_1/share/texmf-dist/tex/generic/pgf/frontendlay
er/tikz/libraries/tikzlibrarymath.code.tex
\tikz@math@for@depth=\count360
\tikz@math@dimen=\dimen385
\tikz@math@toks=\toks50
)
(/usr/local/Cellar/texlive/58837_1/share/texmf-dist/tex/latex/listings/listings
.sty
\lst@mode=\count361
\lst@gtempboxa=\box75
\lst@token=\toks51
\lst@length=\count362
\lst@currlwidth=\dimen386
\lst@column=\count363
\lst@pos=\count364
\lst@lostspace=\dimen387
\lst@width=\dimen388
\lst@newlines=\count365
\lst@lineno=\count366
\lst@maxwidth=\dimen389

(/usr/local/Cellar/texlive/58837_1/share/texmf-dist/tex/latex/listings/lstmisc.
sty
File: lstmisc.sty 2020/03/24 1.8d (Carsten Heinz)
\c@lstnumber=\count367
\lst@skipnumbers=\count368
\lst@framebox=\box76
)
(/usr/local/Cellar/texlive/58837_1/share/texmf-dist/tex/latex/listings/listings
.cfg
File: listings.cfg 2020/03/24 1.8d listings configuration
))
Package: listings 2020/03/24 1.8d (Carsten Heinz)

(/usr/local/Cellar/texlive/58837_1/share/texmf-dist/tex/latex/tools/hhline.sty
Package: hhline 2020/01/04 v2.04 Table rule package (DPC)
) (/usr/local/Cellar/texlive/58837_1/share/texmf-dist/tex/latex/base/ifthen.sty
Package: ifthen 2014/09/29 v1.1c Standard LaTeX ifthen package (DPC)
)
(/usr/local/Cellar/texlive/58837_1/share/texmf-dist/tex/latex/graphics/lscape.s
ty
Package: lscape 2020/05/28 v3.02 Landscape Pages (DPC)
)
(/usr/local/Cellar/texlive/58837_1/share/texmf-dist/tex/latex/tools/multicol.st
y
Package: multicol 2019/12/09 v1.8y multicolumn formatting (FMi)
\c@tracingmulticols=\count369


Package multicol Warning: May not work with the twocolumn option on input line 
141.

\mult@box=\box77
\multicol@leftmargin=\dimen390
\c@unbalance=\count370
\c@collectmore=\count371
\doublecol@number=\count372
\multicoltolerance=\count373
\multicolpretolerance=\count374
\full@width=\dimen391
\page@free=\dimen392
\premulticols=\dimen393
\postmulticols=\dimen394
\multicolsep=\skip83
\multicolbaselineskip=\skip84
\partial@page=\box78
\last@line=\box79
\maxbalancingoverflow=\dimen395
\mult@rightbox=\box80
\mult@grightbox=\box81
\mult@gfirstbox=\box82
\mult@firstbox=\box83
\@tempa=\box84
\@tempa=\box85
\@tempa=\box86
\@tempa=\box87
\@tempa=\box88
\@tempa=\box89
\@tempa=\box90
\@tempa=\box91
\@tempa=\box92
\@tempa=\box93
\@tempa=\box94
\@tempa=\box95
\@tempa=\box96
\@tempa=\box97
\@tempa=\box98
\@tempa=\box99
\@tempa=\box100
\@tempa=\box101
\@tempa=\box102
\@tempa=\box103
\@tempa=\box104
\@tempa=\box105
\@tempa=\box106
\@tempa=\box107
\@tempa=\box108
\@tempa=\box109
\@tempa=\box110
\@tempa=\box111
\@tempa=\box112
\@tempa=\box113
\@tempa=\box114
\@tempa=\box115
\@tempa=\box116
\@tempa=\box117
\@tempa=\box118
\@tempa=\box119
\@tempa=\box120
\c@minrows=\count375
\c@columnbadness=\count376
\c@finalcolumnbadness=\count377
\last@try=\dimen396
\multicolovershoot=\dimen397
\multicolundershoot=\dimen398
\mult@nat@firstbox=\box121
\colbreak@box=\box122
\mc@col@check@num=\count378
)
(/usr/local/Cellar/texlive/58837_1/share/texmf-dist/tex/latex/chngcntr/chngcntr
.sty
Package: chngcntr 2018/04/09 v1.1a change counter resetting
Package chngcntr Info: \counterwithout already defined.
(chngcntr)             Quitting chngcntr on input line 21.
)
(/usr/local/Cellar/texlive/58837_1/share/texmf-dist/tex/latex/float/float.sty
Package: float 2001/11/08 v1.3d Float enhancements (AL)
\c@float@type=\count379
\float@exts=\toks52
\float@box=\box123
\@float@everytoks=\toks53
\@floatcapt=\box124
)
(/usr/local/Cellar/texlive/58837_1/share/texmf-dist/tex/latex/polynom/polynom.s
ty
Package: polynom 2017/07/17 0.19 (CH,HA)
\pld@currstage=\count380
)
LaTeX Font Info:    Trying to load font information for OT1+txr on input line 1
13.

(/usr/local/Cellar/texlive/58837_1/share/texmf-dist/tex/latex/txfonts/ot1txr.fd
File: ot1txr.fd 2000/12/15 v3.1
) (./solutions.aux

LaTeX Warning: Label `fig:geometry-3.9.pdf' multiply defined.


LaTeX Warning: Label `fig:geometry-3.9.pdf' multiply defined.


LaTeX Warning: Label `1' multiply defined.


LaTeX Warning: Label `fig:geometry-3.9.pdf' multiply defined.


LaTeX Warning: Label `fig:geometry-3.9.pdf' multiply defined.


LaTeX Warning: Label `fig:geometry-3.9.pdf' multiply defined.


LaTeX Warning: Label `fig:geometry-3.9.pdf' multiply defined.


LaTeX Warning: Label `fig:geometry-3.9.pdf' multiply defined.


LaTeX Warning: Label `fig:geometry-3.9.pdf' multiply defined.


LaTeX Warning: Label `fig:geometry-3.9.pdf' multiply defined.


LaTeX Warning: Label `fig:geometry-3.9.pdf' multiply defined.


LaTeX Warning: Label `fig:geometry-3.9.pdf' multiply defined.


LaTeX Warning: Label `fig:geometry-3.9.pdf' multiply defined.


LaTeX Warning: Label `fig:geometry-3.9.pdf' multiply defined.


LaTeX Warning: Label `fig:geometry-3.9.pdf' multiply defined.


LaTeX Warning: Label `fig:geometry-3.9.pdf' multiply defined.

)
\openout1 = `solutions.aux'.

LaTeX Font Info:    Checking defaults for OML/txmi/m/it on input line 113.
LaTeX Font Info:    Trying to load font information for OML+txmi on input line 
113.

(/usr/local/Cellar/texlive/58837_1/share/texmf-dist/tex/latex/txfonts/omltxmi.f
d
File: omltxmi.fd 2000/12/15 v3.1
)
LaTeX Font Info:    ... okay on input line 113.
LaTeX Font Info:    Checking defaults for OMS/txsy/m/n on input line 113.
LaTeX Font Info:    Trying to load font information for OMS+txsy on input line 
113.

(/usr/local/Cellar/texlive/58837_1/share/texmf-dist/tex/latex/txfonts/omstxsy.f
d
File: omstxsy.fd 2000/12/15 v3.1
)
LaTeX Font Info:    ... okay on input line 113.
LaTeX Font Info:    Checking defaults for OT1/cmr/m/n on input line 113.
LaTeX Font Info:    ... okay on input line 113.
LaTeX Font Info:    Checking defaults for T1/cmr/m/n on input line 113.
LaTeX Font Info:    ... okay on input line 113.
LaTeX Font Info:    Checking defaults for TS1/cmr/m/n on input line 113.
LaTeX Font Info:    ... okay on input line 113.
LaTeX Font Info:    Checking defaults for OMX/txex/m/n on input line 113.
LaTeX Font Info:    Trying to load font information for OMX+txex on input line 
113.

(/usr/local/Cellar/texlive/58837_1/share/texmf-dist/tex/latex/txfonts/omxtxex.f
d
File: omxtxex.fd 2000/12/15 v3.1
)
LaTeX Font Info:    ... okay on input line 113.
LaTeX Font Info:    Checking defaults for U/txexa/m/n on input line 113.
LaTeX Font Info:    Trying to load font information for U+txexa on input line 1
13.

(/usr/local/Cellar/texlive/58837_1/share/texmf-dist/tex/latex/txfonts/utxexa.fd
File: utxexa.fd 2000/12/15 v3.1
)
LaTeX Font Info:    ... okay on input line 113.
LaTeX Font Info:    Checking defaults for PD1/pdf/m/n on input line 113.
LaTeX Font Info:    ... okay on input line 113.
LaTeX Font Info:    Checking defaults for PU/pdf/m/n on input line 113.
LaTeX Font Info:    ... okay on input line 113.
LaTeX Font Info:    Font shape `OT1/txr/b/n' in size <6> not available
(Font)              Font shape `OT1/txr/bx/n' tried instead on input line 113.
LaTeX Font Info:    Font shape `OT1/txr/b/it' in size <6> not available
(Font)              Font shape `OT1/txr/bx/it' tried instead on input line 113.

LaTeX Font Info:    Font shape `OT1/txr/b/n' in size <8> not available
(Font)              Font shape `OT1/txr/bx/n' tried instead on input line 113.
LaTeX Font Info:    Font shape `OT1/txr/b/it' in size <8> not available
(Font)              Font shape `OT1/txr/bx/it' tried instead on input line 113.

LaTeX Font Info:    Font shape `OT1/txr/b/n' in size <9> not available
(Font)              Font shape `OT1/txr/bx/n' tried instead on input line 113.
LaTeX Font Info:    Font shape `OT1/txr/b/it' in size <9> not available
(Font)              Font shape `OT1/txr/bx/it' tried instead on input line 113.

LaTeX Font Info:    Font shape `OT1/txr/b/n' in size <10> not available
(Font)              Font shape `OT1/txr/bx/n' tried instead on input line 113.
LaTeX Font Info:    Font shape `OT1/txr/b/it' in size <10> not available
(Font)              Font shape `OT1/txr/bx/it' tried instead on input line 113.

LaTeX Font Info:    Font shape `OT1/txr/b/n' in size <12> not available
(Font)              Font shape `OT1/txr/bx/n' tried instead on input line 113.
LaTeX Font Info:    Font shape `OT1/txr/b/it' in size <12> not available
(Font)              Font shape `OT1/txr/bx/it' tried instead on input line 113.

LaTeX Font Info:    Font shape `OT1/txr/b/n' in size <14> not available
(Font)              Font shape `OT1/txr/bx/n' tried instead on input line 113.
LaTeX Font Info:    Font shape `OT1/txr/b/it' in size <14> not available
(Font)              Font shape `OT1/txr/bx/it' tried instead on input line 113.

LaTeX Font Info:    Font shape `OT1/txr/b/n' in size <20> not available
(Font)              Font shape `OT1/txr/bx/n' tried instead on input line 113.
LaTeX Font Info:    Font shape `OT1/txr/b/it' in size <20> not available
(Font)              Font shape `OT1/txr/bx/it' tried instead on input line 113.

LaTeX Font Info:    Font shape `OT1/txr/b/n' in size <22> not available
(Font)              Font shape `OT1/txr/bx/n' tried instead on input line 113.
LaTeX Font Info:    Font shape `OT1/txr/b/it' in size <22> not available
(Font)              Font shape `OT1/txr/bx/it' tried instead on input line 113.

LaTeX Font Info:    Font shape `OT1/txr/b/n' in size <24> not available
(Font)              Font shape `OT1/txr/bx/n' tried instead on input line 113.
LaTeX Font Info:    Font shape `OT1/txr/b/it' in size <24> not available
(Font)              Font shape `OT1/txr/bx/it' tried instead on input line 113.


-- Lines per column: 50 (exact).
LaTeX Info: Redefining \celsius on input line 113.
Package gensymb Info: Faking symbols for \degree and \celsius on input line 113
.

Package gensymb Warning: Not defining \perthousand.

LaTeX Info: Redefining \ohm on input line 113.
Package gensymb Info: Using \Omega for \ohm on input line 113.

Package gensymb Warning: Not defining \micro.

Package caption Info: Begin \AtBeginDocument code.
Package caption Info: subfig package v1.3 is loaded.
Package caption Info: float package is loaded.
Package caption Info: hyperref package is loaded.
Package caption Info: listings package is loaded.
Package caption Info: longtable package is loaded.

(/usr/local/Cellar/texlive/58837_1/share/texmf-dist/tex/latex/caption/ltcaption
.sty
Package: ltcaption 2020/05/30 v1.4b longtable captions (AR)
)
Package caption Info: End \AtBeginDocument code.

(/usr/local/Cellar/texlive/58837_1/share/texmf-dist/tex/context/base/mkii/supp-
pdf.mkii
[Loading MPS to PDF converter (version 2006.09.02).]
\scratchcounter=\count381
\scratchdimen=\dimen399
\scratchbox=\box125
\nofMPsegments=\count382
\nofMParguments=\count383
\everyMPshowfont=\toks54
\MPscratchCnt=\count384
\MPscratchDim=\dimen400
\MPnumerator=\count385
\makeMPintoPDFobject=\count386
\everyMPtoPDFconversion=\toks55
)
(/usr/local/Cellar/texlive/58837_1/share/texmf-dist/tex/latex/epstopdf-pkg/epst
opdf-base.sty
Package: epstopdf-base 2020-01-24 v2.11 Base part for package epstopdf
Package epstopdf-base Info: Redefining graphics rule for `.eps' on input line 4
85.

(/usr/local/Cellar/texlive/58837_1/share/texmf-dist/tex/latex/latexconfig/epsto
pdf-sys.cfg
File: epstopdf-sys.cfg 2010/07/13 v1.3 Configuration of (r)epstopdf for TeX Liv
e
))
Package hyperref Info: Link coloring OFF on input line 113.

(/usr/local/Cellar/texlive/58837_1/share/texmf-dist/tex/latex/hyperref/nameref.
sty
Package: nameref 2021-04-02 v2.47 Cross-referencing by name of section

(/usr/local/Cellar/texlive/58837_1/share/texmf-dist/tex/latex/refcount/refcount
.sty
Package: refcount 2019/12/15 v3.6 Data extraction from label references (HO)
)
(/usr/local/Cellar/texlive/58837_1/share/texmf-dist/tex/generic/gettitlestring/
gettitlestring.sty
Package: gettitlestring 2019/12/15 v1.6 Cleanup title references (HO)
)
\c@section@level=\count387
)
LaTeX Info: Redefining \ref on input line 113.
LaTeX Info: Redefining \pageref on input line 113.
LaTeX Info: Redefining \nameref on input line 113.
 (./solutions.out) (./solutions.out)
\@outlinefile=\write4
\openout4 = `solutions.out'.

\c@lstlisting=\count388
\c@theorem=\count389
\c@problem=\count390
\c@proposition=\count391
\c@lemma=\count392
\c@example=\count393
\c@rem=\count394


LaTeX Warning: No \author given.


LaTeX Warning: No \author given.


LaTeX Warning: No \author given.

(./solutions.toc)
\tf@toc=\write5
\openout5 = `solutions.toc'.

LaTeX Font Info:    Trying to load font information for U+rsfs on input line 19
6.

(/usr/local/Cellar/texlive/58837_1/share/texmf-dist/tex/latex/jknapltx/ursfs.fd
File: ursfs.fd 1998/03/24 rsfs font definition file (jk)
)
LaTeX Font Info:    Trying to load font information for U+txmia on input line 1
96.

(/usr/local/Cellar/texlive/58837_1/share/texmf-dist/tex/latex/txfonts/utxmia.fd
File: utxmia.fd 2000/12/15 v3.1
)
LaTeX Font Info:    Trying to load font information for U+txsya on input line 1
96.

(/usr/local/Cellar/texlive/58837_1/share/texmf-dist/tex/latex/txfonts/utxsya.fd
File: utxsya.fd 2000/12/15 v3.1
)
LaTeX Font Info:    Trying to load font information for U+txsyb on input line 1
96.

(/usr/local/Cellar/texlive/58837_1/share/texmf-dist/tex/latex/txfonts/utxsyb.fd
File: utxsyb.fd 2000/12/15 v3.1
)
LaTeX Font Info:    Trying to load font information for U+txsyc on input line 1
96.

(/usr/local/Cellar/texlive/58837_1/share/texmf-dist/tex/latex/txfonts/utxsyc.fd
File: utxsyc.fd 2000/12/15 v3.1
)
Underfull \hbox (badness 10000) in paragraph at lines 238--242

 []

[1{/usr/local/Cellar/texlive/58837_1/share/texmf-dist/fonts/map/pdftex/updmap/p
dftex.map}


]
Underfull \hbox (badness 10000) in paragraph at lines 278--279

 []


Underfull \hbox (badness 7151) in paragraph at lines 285--293
[]\OT1/txr/m/n/12 A die has 6 faces hav-ing the let-ters
 []


Underfull \hbox (badness 7704) in paragraph at lines 285--293
\OT1/txr/m/n/12 A,B,C,A,A,B. The die is thrown once.
 []


Underfull \hbox (badness 10000) in paragraph at lines 285--293

 []


Underfull \hbox (badness 10000) in paragraph at lines 285--293

 []


Underfull \hbox (badness 10000) in paragraph at lines 285--293

 []


Underfull \hbox (badness 10000) in paragraph at lines 285--293

 []


Underfull \hbox (badness 10000) in paragraph at lines 293--297

 []


Underfull \hbox (badness 10000) in paragraph at lines 293--297

 []


Underfull \hbox (badness 10000) in paragraph at lines 297--316

 []

<hi.png, id=79, 476.78125pt x 285.065pt>
File: hi.png Graphic file (type png)
<use hi.png>
Package pdftex.def Info: hi.png  used on input line 331.
(pdftex.def)             Requested size: 284.52756pt x 170.12686pt.

Overfull \hbox (32.52756pt too wide) in paragraph at lines 331--332
[][] 
 []


Underfull \hbox (badness 5726) in paragraph at lines 316--334
[]\OT1/txr/m/n/12 For the fol-low-ing fre-quency dis-tri-bu-tion,
 []


Underfull \hbox (badness 10000) in paragraph at lines 316--334

 []


Underfull \hbox (badness 10000) in paragraph at lines 334--362

 []

[2 <./hi.png>]
<3.1.png, id=99, 471.7625pt x 268.00125pt>
File: 3.1.png Graphic file (type png)
<use 3.1.png>
Package pdftex.def Info: 3.1.png  used on input line 386.
(pdftex.def)             Requested size: 252.0pt x 143.16046pt.

Underfull \hbox (badness 1454) in paragraph at lines 376--390
[]\OT1/txr/m/n/12 The area of two sim-i-lar tri-an-gles are 25
 []


Underfull \hbox (badness 10000) in paragraph at lines 376--390

 []


Underfull \hbox (badness 10000) in paragraph at lines 376--390

 []


Underfull \hbox (badness 2035) in paragraph at lines 376--390
\OT1/txr/m/n/12 The ra-tio of their cor-re-spond-ing sides is
 []


Underfull \hbox (badness 10000) in paragraph at lines 376--390

 []

<3.2.png, id=100, 469.755pt x 294.09875pt>
File: 3.2.png Graphic file (type png)
<use 3.2.png>
Package pdftex.def Info: 3.2.png  used on input line 403.
(pdftex.def)             Requested size: 252.0pt x 157.76984pt.

Underfull \hbox (badness 10000) in paragraph at lines 390--407

 []


Underfull \hbox (badness 1983) in paragraph at lines 407--438
\OT1/txr/m/n/12 had a hemi-spher-i-cal raised por-tion which
 []


Underfull \hbox (badness 1983) in paragraph at lines 407--438
\OT1/txr/m/n/12 had a hemi-spher-i-cal raised por-tion which
 []


Underfull \hbox (badness 10000) in paragraph at lines 407--438

 []

[3 <./3.1.png> <./3.2.png>]
Underfull \hbox (badness 10000) in paragraph at lines 438--465

 []


Underfull \hbox (badness 10000) in paragraph at lines 468--487

 []


Underfull \hbox (badness 10000) in paragraph at lines 488--491

 []


Underfull \hbox (badness 10000) in paragraph at lines 492--493

 []


Underfull \hbox (badness 10000) in paragraph at lines 494--496

 []


Underfull \hbox (badness 10000) in paragraph at lines 497--498

 []


Underfull \hbox (badness 10000) in paragraph at lines 499--500

 []

<3.6.png, id=114, 461.725pt x 279.0425pt>
File: 3.6.png Graphic file (type png)
<use 3.6.png>
Package pdftex.def Info: 3.6.png  used on input line 513.
(pdftex.def)             Requested size: 252.0pt x 152.29442pt.

Underfull \hbox (badness 10000) in paragraph at lines 501--517

 []

[4]
Underfull \hbox (badness 1360) in paragraph at lines 518--519
\OT1/txr/bx/n/12 Solution: \OT1/txr/m/n/12 The equa-tion of a line pass-ing
 []

<3.7.png, id=131, 459.7175pt x 280.04625pt>
File: 3.7.png Graphic file (type png)
<use 3.7.png>
Package pdftex.def Info: 3.7.png  used on input line 550.
(pdftex.def)             Requested size: 252.0pt x 153.51312pt.

Underfull \hbox (badness 10000) in paragraph at lines 555--558

 []


Underfull \hbox (badness 10000) in paragraph at lines 560--562

 []

[5 <./3.6.png> <./3.7.png>]
<3.9.png, id=156, 456.70625pt x 289.08pt>
File: 3.9.png Graphic file (type png)
<use 3.9.png>
Package pdftex.def Info: 3.9.png  used on input line 591.
(pdftex.def)             Requested size: 252.0pt x 159.50616pt.
LaTeX Font Info:    Trying to load font information for TS1+txr on input line 5
96.

(/usr/local/Cellar/texlive/58837_1/share/texmf-dist/tex/latex/txfonts/ts1txr.fd
File: ts1txr.fd 2000/12/15 v3.1
)
<sectors.png, id=157, 401.5pt x 273.02pt>
File: sectors.png Graphic file (type png)
<use sectors.png>
Package pdftex.def Info: sectors.png  used on input line 622.
(pdftex.def)             Requested size: 252.0pt x 171.36612pt.

Underfull \hbox (badness 10000) in paragraph at lines 617--626

 []

<tans.png, id=158, 384.43625pt x 253.94875pt>
File: tans.png Graphic file (type png)
<use tans.png>
Package pdftex.def Info: tans.png  used on input line 652.
(pdftex.def)             Requested size: 252.0pt x 166.46745pt.

Underfull \hbox (badness 10000) in paragraph at lines 626--656

 []

<tri1.png, id=159, 447.6725pt x 288.07625pt>
File: tri1.png Graphic file (type png)
<use tri1.png>
Package pdftex.def Info: tri1.png  used on input line 678.
(pdftex.def)             Requested size: 252.0pt x 162.16556pt.
<Tri2.png, id=160, 433.62pt x 274.02374pt>
File: Tri2.png Graphic file (type png)
<use Tri2.png>
Package pdftex.def Info: Tri2.png  used on input line 704.
(pdftex.def)             Requested size: 252.0pt x 159.25165pt.
<3.13.png, id=161, 433.62pt x 262.9825pt>
File: 3.13.png Graphic file (type png)
<use 3.13.png>
Package pdftex.def Info: 3.13.png  used on input line 717.
(pdftex.def)             Requested size: 252.0pt x 152.83492pt.
[6 <./3.9.png> <./sectors.png>]
<4.1.png, id=180, 691.58376pt x 292.09125pt>
File: 4.1.png Graphic file (type png)
<use 4.1.png>
Package pdftex.def Info: 4.1.png  used on input line 754.
(pdftex.def)             Requested size: 252.0pt x 106.4319pt.

Underfull \hbox (badness 10000) in paragraph at lines 759--760

 []

[7 <./tans.png> <./tri1.png> <./Tri2.png>]
Underfull \hbox (badness 10000) in paragraph at lines 761--762

 []


Underfull \hbox (badness 10000) in paragraph at lines 763--764

 []


LaTeX Warning: Command \textdegree invalid in math mode on input line 765.


LaTeX Warning: Command \textdegree invalid in math mode on input line 765.

Missing character: There is no  in font txr!

Underfull \hbox (badness 10000) in paragraph at lines 765--766

 []


Underfull \hbox (badness 10000) in paragraph at lines 767--771

 []


LaTeX Warning: Command \textdegree invalid in math mode on input line 772.


LaTeX Warning: Command \textdegree invalid in math mode on input line 772.

Missing character: There is no  in font txr!

Underfull \hbox (badness 10000) in paragraph at lines 772--773

 []

File: 4.1.png Graphic file (type png)
<use 4.1.png>
Package pdftex.def Info: 4.1.png  used on input line 778.
(pdftex.def)             Requested size: 252.0pt x 106.4319pt.
<4.2.png, id=195, 455.7025pt x 281.05pt>
File: 4.2.png Graphic file (type png)
<use 4.2.png>
Package pdftex.def Info: 4.2.png  used on input line 804.
(pdftex.def)             Requested size: 252.0pt x 155.42279pt.

Underfull \hbox (badness 10000) in paragraph at lines 809--810

 []


Underfull \hbox (badness 10000) in paragraph at lines 811--812

 []


Underfull \hbox (badness 10000) in paragraph at lines 813--814

 []


Underfull \hbox (badness 10000) in paragraph at lines 815--816

 []


Underfull \hbox (badness 10000) in paragraph at lines 817--818

 []

[8 <./3.13.png> <./4.1.png>]
Underfull \hbox (badness 10000) in paragraph at lines 819--820

 []


Underfull \hbox (badness 10000) in paragraph at lines 821--822

 []


Underfull \hbox (badness 10000) in paragraph at lines 823--824

 []


Underfull \hbox (badness 10000) in paragraph at lines 825--828

 []


Underfull \hbox (badness 10000) in paragraph at lines 829--830

 []


Underfull \hbox (badness 10000) in paragraph at lines 836--838

 []


Underfull \hbox (badness 10000) in paragraph at lines 841--845

 []


Underfull \hbox (badness 1448) in paragraph at lines 859--861
\OT1/txr/m/n/12 Converting ev-ery-thing into $[] \OML/txmi/m/it/12 ^^R$ \OT1/tx
r/m/n/12 and $[] \OML/txmi/m/it/12 ^^R$
 []


Underfull \hbox (badness 10000) in paragraph at lines 859--861

 []


Overfull \hbox (38.75934pt too wide) detected at line 863
[]
 []


Underfull \hbox (badness 10000) in paragraph at lines 863--865
\OT1/txr/m/n/12 From the ba-sic al-ge-bra for-mula
 []


Underfull \hbox (badness 10000) in paragraph at lines 863--865

 []


Underfull \hbox (badness 10000) in paragraph at lines 866--867

 []

<5.1.png, id=208, 472.76625pt x 258.9675pt>
File: 5.1.png Graphic file (type png)
<use 5.1.png>
Package pdftex.def Info: 5.1.png  used on input line 877.
(pdftex.def)             Requested size: 252.0pt x 138.0424pt.
<5.2.png, id=209, 485.815pt x 248.93pt>
File: 5.2.png Graphic file (type png)
<use 5.2.png>
Package pdftex.def Info: 5.2.png  used on input line 890.
(pdftex.def)             Requested size: 252.0pt x 129.12148pt.

Underfull \hbox (badness 1406) in paragraph at lines 886--894
\OT1/txr/bx/n/12 Solution: \OT1/txr/m/n/12 For real and equal roots if an
 []

[9 <./4.2.png> <./5.1.png>]
<5.3.png, id=222, 468.75125pt x 272.01625pt>
File: 5.3.png Graphic file (type png)
<use 5.3.png>
Package pdftex.def Info: 5.3.png  used on input line 902.
(pdftex.def)             Requested size: 252.0pt x 146.23492pt.

Underfull \hbox (badness 10000) in paragraph at lines 907--910

 []


LaTeX Warning: Command \texttimes invalid in math mode on input line 914.


LaTeX Warning: Command \texttimes invalid in math mode on input line 914.

Missing character: There is no  in font txr!

Underfull \hbox (badness 10000) in paragraph at lines 911--916

 []


Underfull \hbox (badness 10000) in paragraph at lines 917--918

 []


Underfull \hbox (badness 10000) in paragraph at lines 919--924

 []

<5.4.png, id=223, 459.7175pt x 259.97125pt>
File: 5.4.png Graphic file (type png)
<use 5.4.png>
Package pdftex.def Info: 5.4.png  used on input line 928.
(pdftex.def)             Requested size: 252.0pt x 142.5086pt.

Underfull \hbox (badness 6825) in paragraph at lines 925--933
[]\OT1/txr/m/n/12 Find all the ze-roes of the poly-no-mial
 []


Underfull \hbox (badness 10000) in paragraph at lines 925--933

 []


Underfull \hbox (badness 10000) in paragraph at lines 934--936

 []


Underfull \hbox (badness 10000) in paragraph at lines 937--941

 []


Underfull \hbox (badness 10000) in paragraph at lines 944--945

 []

[10 <./5.2.png> <./5.3.png> <./5.4.png>] [11

] (./solutions.aux)

LaTeX Warning: There were multiply-defined labels.

Package rerunfilecheck Info: File `solutions.out' has not changed.
(rerunfilecheck)             Checksum: B5D40787423FA69364F35F802CE7C766;592.
 ) 
Here is how much of TeX's memory you used:
 45059 strings out of 478994
 1016533 string characters out of 5850134
 1541449 words of memory out of 5000000
 61604 multiletter control sequences out of 15000+600000
 466943 words of font info for 157 fonts, out of 8000000 for 9000
 1144 hyphenation exceptions out of 8191
 102i,19n,111p,413b,603s stack positions out of 5000i,500n,10000p,200000b,80000s
{/usr/local/Cellar/texlive/58837_1/share/texmf-dist/fonts/enc/dvips/base/8r.e
nc}</usr/local/Cellar/texlive/58837_1/share/texmf-dist/fonts/type1/public/txfon
ts/rtcxr.pfb></usr/local/Cellar/texlive/58837_1/share/texmf-dist/fonts/type1/pu
blic/txfonts/rtxb.pfb></usr/local/Cellar/texlive/58837_1/share/texmf-dist/fonts
/type1/public/txfonts/rtxmi.pfb></usr/local/Cellar/texlive/58837_1/share/texmf-
dist/fonts/type1/public/txfonts/rtxr.pfb></usr/local/Cellar/texlive/58837_1/sha
re/texmf-dist/fonts/type1/public/txfonts/rtxsc.pfb></usr/local/Cellar/texlive/5
8837_1/share/texmf-dist/fonts/type1/public/txfonts/txex.pfb></usr/local/Cellar/
texlive/58837_1/share/texmf-dist/fonts/type1/public/txfonts/txsy.pfb></usr/loca
l/Cellar/texlive/58837_1/share/texmf-dist/fonts/type1/public/txfonts/txsya.pfb>
</usr/local/Cellar/texlive/58837_1/share/texmf-dist/fonts/type1/public/txfonts/
txsyc.pfb></usr/local/Cellar/texlive/58837_1/share/texmf-dist/fonts/type1/urw/t
imes/utmb8a.pfb></usr/local/Cellar/texlive/58837_1/share/texmf-dist/fonts/type1
/urw/times/utmr8a.pfb></usr/local/Cellar/texlive/58837_1/share/texmf-dist/fonts
/type1/urw/times/utmri8a.pfb>
Output written on solutions.pdf (11 pages, 933716 bytes).
PDF statistics:
 308 PDF objects out of 1000 (max. 8388607)
 227 compressed objects within 3 object streams
 101 named destinations out of 1000 (max. 500000)
 234 words of extra memory for PDF output out of 10000 (max. 10000000)

